2025-09-01 12:54:02,230 [MainThread  ] [INFO ]  Executing biobb_pytorch.mdae.build_model Version: 5.0.0
2025-09-01 12:54:02,232 [MainThread  ] [INFO ]  Copy: 1NE4_6NO7_b.dcd.stats.pt to /home/pzanders/Documents/BSC/BioExcel/biobb/biobb_pytorch/biobb_pytorch/mdae/notebooks/df4b079e-1afb-4a4f-bda7-b3f2b428fc1e
2025-09-01 12:54:02,235 [MainThread  ] [INFO ]  ## BioBB AutoEncoder Builder ##
2025-09-01 12:54:02,235 [MainThread  ] [INFO ]  
2025-09-01 12:54:02,236 [MainThread  ] [INFO ]  Hyperparameters:
2025-09-01 12:54:02,236 [MainThread  ] [INFO ]  ----------------
2025-09-01 12:54:02,236 [MainThread  ] [INFO ]  model_type: AutoEncoder
2025-09-01 12:54:02,237 [MainThread  ] [INFO ]  n_cvs: 2
2025-09-01 12:54:02,237 [MainThread  ] [INFO ]  encoder_layers: [32, 16]
2025-09-01 12:54:02,237 [MainThread  ] [INFO ]  decoder_layers: [16, 32]
2025-09-01 12:54:02,238 [MainThread  ] [INFO ]  loss_function: MSELoss()
2025-09-01 12:54:02,238 [MainThread  ] [INFO ]  options:
2025-09-01 12:54:02,238 [MainThread  ] [INFO ]     encoder: {'activation': 'relu', 'last_layer_activation': False}
2025-09-01 12:54:02,238 [MainThread  ] [INFO ]     decoder: {'activation': 'relu', 'last_layer_activation': 'sigmoid'}
2025-09-01 12:54:02,239 [MainThread  ] [INFO ]     optimizer: {'lr': 0.0001}
2025-09-01 12:54:02,239 [MainThread  ] [INFO ]  
2025-09-01 12:54:02,239 [MainThread  ] [INFO ]  Model:
2025-09-01 12:54:02,239 [MainThread  ] [INFO ]  ------
2025-09-01 12:54:02,240 [MainThread  ] [INFO ]  AutoEncoder(
2025-09-01 12:54:02,240 [MainThread  ] [INFO ]    (loss_fn): MSELoss()
2025-09-01 12:54:02,240 [MainThread  ] [INFO ]    (norm_in): Normalization(in_features=1181, out_features=1181, mode=mean_std)
2025-09-01 12:54:02,241 [MainThread  ] [INFO ]    (encoder): FeedForward(
2025-09-01 12:54:02,241 [MainThread  ] [INFO ]      (nn): Sequential(
2025-09-01 12:54:02,241 [MainThread  ] [INFO ]        (0): Linear(in_features=1181, out_features=32, bias=True)
2025-09-01 12:54:02,241 [MainThread  ] [INFO ]        (1): ReLU(inplace=True)
2025-09-01 12:54:02,241 [MainThread  ] [INFO ]        (2): Linear(in_features=32, out_features=16, bias=True)
2025-09-01 12:54:02,242 [MainThread  ] [INFO ]        (3): ReLU(inplace=True)
2025-09-01 12:54:02,242 [MainThread  ] [INFO ]        (4): Linear(in_features=16, out_features=2, bias=True)
2025-09-01 12:54:02,242 [MainThread  ] [INFO ]      )
2025-09-01 12:54:02,242 [MainThread  ] [INFO ]    )
2025-09-01 12:54:02,242 [MainThread  ] [INFO ]    (decoder): FeedForward(
2025-09-01 12:54:02,243 [MainThread  ] [INFO ]      (nn): Sequential(
2025-09-01 12:54:02,243 [MainThread  ] [INFO ]        (0): Linear(in_features=2, out_features=16, bias=True)
2025-09-01 12:54:02,244 [MainThread  ] [INFO ]        (1): ReLU(inplace=True)
2025-09-01 12:54:02,244 [MainThread  ] [INFO ]        (2): Linear(in_features=16, out_features=32, bias=True)
2025-09-01 12:54:02,245 [MainThread  ] [INFO ]        (3): ReLU(inplace=True)
2025-09-01 12:54:02,245 [MainThread  ] [INFO ]        (4): Linear(in_features=32, out_features=1181, bias=True)
2025-09-01 12:54:02,245 [MainThread  ] [INFO ]        (5): Sigmoid()
2025-09-01 12:54:02,246 [MainThread  ] [INFO ]      )
2025-09-01 12:54:02,246 [MainThread  ] [INFO ]    )
2025-09-01 12:54:02,246 [MainThread  ] [INFO ]  )
2025-09-01 12:54:02,247 [MainThread  ] [INFO ]  
2025-09-01 12:54:02,247 [MainThread  ] [INFO ]  Model saved in .pth format in /home/pzanders/Documents/BSC/BioExcel/biobb/biobb_pytorch/biobb_pytorch/mdae/notebooks/test_model.pth
2025-09-01 12:54:02,247 [MainThread  ] [INFO ]  File size: 324.16 KB
2025-09-01 12:54:02,248 [MainThread  ] [INFO ]  Removed: []
