2025-09-14 19:09:13,617 [MainThread  ] [INFO ]  Executing biobb_gromacs.gromacs.make_ndx Version: 4.2.0
2025-09-14 19:09:13,619 [MainThread  ] [INFO ]  Copy: structure.pdb to /home/pzanders/Documents/BSC/BioExcel/biobb/biobb_pytorch/biobb_pytorch/mdae/notebooks/07644dcc-138e-4000-b5fe-52721786c569
2025-09-14 19:09:13,621 [MainThread  ] [INFO ]  Copy: /home/pzanders/Documents/BSC/BioExcel/biobb/biobb_pytorch/biobb_pytorch/mdae/notebooks/df194c33-e5ef-4cca-a5fb-3e7bbd37c6fa.stdin to /home/pzanders/Documents/BSC/BioExcel/biobb/biobb_pytorch/biobb_pytorch/mdae/notebooks/07644dcc-138e-4000-b5fe-52721786c569
2025-09-14 19:09:13,621 [MainThread  ] [INFO ]  gmx -nobackup -nocopyright make_ndx -f /home/pzanders/Documents/BSC/BioExcel/biobb/biobb_pytorch/biobb_pytorch/mdae/notebooks/07644dcc-138e-4000-b5fe-52721786c569/structure.pdb -o /home/pzanders/Documents/BSC/BioExcel/biobb/biobb_pytorch/biobb_pytorch/mdae/notebooks/07644dcc-138e-4000-b5fe-52721786c569/alpha_carbons.ndx < /home/pzanders/Documents/BSC/BioExcel/biobb/biobb_pytorch/biobb_pytorch/mdae/notebooks/07644dcc-138e-4000-b5fe-52721786c569/df194c33-e5ef-4cca-a5fb-3e7bbd37c6fa.stdin

2025-09-14 19:09:13,666 [MainThread  ] [INFO ]  Exit code 0

2025-09-14 19:09:13,667 [MainThread  ] [INFO ]  Going to read 0 old index file(s)
Analysing residue names:
There are:   267    Protein residues
Analysing Protein...

  0 System              :  4384 atoms
  1 Protein             :  4384 atoms
  2 Protein-H           :  2193 atoms
  3 C-alpha             :   267 atoms
  4 Backbone            :   801 atoms
  5 MainChain           :  1069 atoms
  6 MainChain+Cb        :  1333 atoms
  7 MainChain+H         :  1323 atoms
  8 SideChain           :  3061 atoms
  9 SideChain-H         :  1124 atoms

 nr : group      '!': not  'name' nr name   'splitch' nr    Enter: list groups
 'a': atom       '&': and  'del' nr         'splitres' nr   'l': list residues
 't': atom type  '|': or   'keep' nr        'splitat' nr    'h': help
 'r': residue              'res' nr         'chain' char
 "name": group             'case': case sensitive           'q': save and quit
 'ri': residue index

> 
Found 267 atoms with name CA

 10 CA                  :   267 atoms

> 

2025-09-14 19:09:13,670 [MainThread  ] [INFO ]  Removed: ['/home/pzanders/Documents/BSC/BioExcel/biobb/biobb_pytorch/biobb_pytorch/mdae/notebooks/07644dcc-138e-4000-b5fe-52721786c569', '/home/pzanders/Documents/BSC/BioExcel/biobb/biobb_pytorch/biobb_pytorch/mdae/notebooks/df194c33-e5ef-4cca-a5fb-3e7bbd37c6fa.stdin']
