2025-09-14 18:55:21,038 [MainThread  ] [INFO ]  Executing biobb_pytorch.mdae.build_model Version: 5.0.0
2025-09-14 18:55:21,061 [MainThread  ] [INFO ]  Copy: 1NE4_6NO7_b.dcd.stats.pt to /home/pzanders/Documents/BSC/BioExcel/biobb/biobb_pytorch/biobb_pytorch/mdae/notebooks/6614fa5b-e658-4e6b-a2a6-4ca6c508812b
2025-09-14 18:55:21,070 [MainThread  ] [INFO ]  ## BioBB AutoEncoder Builder ##
2025-09-14 18:55:21,070 [MainThread  ] [INFO ]  
2025-09-14 18:55:21,071 [MainThread  ] [INFO ]  Hyperparameters:
2025-09-14 18:55:21,071 [MainThread  ] [INFO ]  ----------------
2025-09-14 18:55:21,073 [MainThread  ] [INFO ]  model_type: AutoEncoder
2025-09-14 18:55:21,074 [MainThread  ] [INFO ]  n_cvs: 3
2025-09-14 18:55:21,074 [MainThread  ] [INFO ]  encoder_layers: [512, 256, 128, 64, 32]
2025-09-14 18:55:21,074 [MainThread  ] [INFO ]  decoder_layers: [32, 64, 128, 256, 512]
2025-09-14 18:55:21,075 [MainThread  ] [INFO ]  loss_function: MSELoss()
2025-09-14 18:55:21,075 [MainThread  ] [INFO ]  options:
2025-09-14 18:55:21,075 [MainThread  ] [INFO ]     encoder: {'activation': 'relu', 'last_layer_activation': False}
2025-09-14 18:55:21,076 [MainThread  ] [INFO ]     decoder: {'activation': 'relu', 'last_layer_activation': 'sigmoid'}
2025-09-14 18:55:21,076 [MainThread  ] [INFO ]     optimizer: {'lr': 5e-05}
2025-09-14 18:55:21,077 [MainThread  ] [INFO ]  
2025-09-14 18:55:21,077 [MainThread  ] [INFO ]  Model:
2025-09-14 18:55:21,078 [MainThread  ] [INFO ]  ------
2025-09-14 18:55:21,079 [MainThread  ] [INFO ]  AutoEncoder(
2025-09-14 18:55:21,080 [MainThread  ] [INFO ]    (loss_fn): MSELoss()
2025-09-14 18:55:21,080 [MainThread  ] [INFO ]    (norm_in): Normalization(in_features=801, out_features=801, mode=mean_std)
2025-09-14 18:55:21,081 [MainThread  ] [INFO ]    (encoder): FeedForward(
2025-09-14 18:55:21,081 [MainThread  ] [INFO ]      (nn): Sequential(
2025-09-14 18:55:21,082 [MainThread  ] [INFO ]        (0): Linear(in_features=801, out_features=512, bias=True)
2025-09-14 18:55:21,082 [MainThread  ] [INFO ]        (1): ReLU(inplace=True)
2025-09-14 18:55:21,082 [MainThread  ] [INFO ]        (2): Linear(in_features=512, out_features=256, bias=True)
2025-09-14 18:55:21,082 [MainThread  ] [INFO ]        (3): ReLU(inplace=True)
2025-09-14 18:55:21,083 [MainThread  ] [INFO ]        (4): Linear(in_features=256, out_features=128, bias=True)
2025-09-14 18:55:21,084 [MainThread  ] [INFO ]        (5): ReLU(inplace=True)
2025-09-14 18:55:21,084 [MainThread  ] [INFO ]        (6): Linear(in_features=128, out_features=64, bias=True)
2025-09-14 18:55:21,085 [MainThread  ] [INFO ]        (7): ReLU(inplace=True)
2025-09-14 18:55:21,085 [MainThread  ] [INFO ]        (8): Linear(in_features=64, out_features=32, bias=True)
2025-09-14 18:55:21,085 [MainThread  ] [INFO ]        (9): ReLU(inplace=True)
2025-09-14 18:55:21,086 [MainThread  ] [INFO ]        (10): Linear(in_features=32, out_features=3, bias=True)
2025-09-14 18:55:21,086 [MainThread  ] [INFO ]      )
2025-09-14 18:55:21,087 [MainThread  ] [INFO ]    )
2025-09-14 18:55:21,087 [MainThread  ] [INFO ]    (decoder): FeedForward(
2025-09-14 18:55:21,087 [MainThread  ] [INFO ]      (nn): Sequential(
2025-09-14 18:55:21,087 [MainThread  ] [INFO ]        (0): Linear(in_features=3, out_features=32, bias=True)
2025-09-14 18:55:21,088 [MainThread  ] [INFO ]        (1): ReLU(inplace=True)
2025-09-14 18:55:21,089 [MainThread  ] [INFO ]        (2): Linear(in_features=32, out_features=64, bias=True)
2025-09-14 18:55:21,089 [MainThread  ] [INFO ]        (3): ReLU(inplace=True)
2025-09-14 18:55:21,090 [MainThread  ] [INFO ]        (4): Linear(in_features=64, out_features=128, bias=True)
2025-09-14 18:55:21,090 [MainThread  ] [INFO ]        (5): ReLU(inplace=True)
2025-09-14 18:55:21,091 [MainThread  ] [INFO ]        (6): Linear(in_features=128, out_features=256, bias=True)
2025-09-14 18:55:21,091 [MainThread  ] [INFO ]        (7): ReLU(inplace=True)
2025-09-14 18:55:21,091 [MainThread  ] [INFO ]        (8): Linear(in_features=256, out_features=512, bias=True)
2025-09-14 18:55:21,092 [MainThread  ] [INFO ]        (9): ReLU(inplace=True)
2025-09-14 18:55:21,092 [MainThread  ] [INFO ]        (10): Linear(in_features=512, out_features=801, bias=True)
2025-09-14 18:55:21,092 [MainThread  ] [INFO ]        (11): Sigmoid()
2025-09-14 18:55:21,093 [MainThread  ] [INFO ]      )
2025-09-14 18:55:21,093 [MainThread  ] [INFO ]    )
2025-09-14 18:55:21,093 [MainThread  ] [INFO ]  )
2025-09-14 18:55:21,094 [MainThread  ] [INFO ]  
2025-09-14 18:55:21,095 [MainThread  ] [INFO ]  Model saved in .pth format in /home/pzanders/Documents/BSC/BioExcel/biobb/biobb_pytorch/biobb_pytorch/mdae/notebooks/test_model.pth
2025-09-14 18:55:21,095 [MainThread  ] [INFO ]  File size: 4.49 MB
2025-09-14 18:55:21,095 [MainThread  ] [INFO ]  Removed: []
