2025-09-10 16:28:12,095 [MainThread  ] [INFO ]  Available Trajectory Properties:
2025-09-10 16:28:12,100 [MainThread  ] [INFO ]     - Number of frames: 275
2025-09-10 16:28:12,100 [MainThread  ] [INFO ]  Featurizing the trajectory /home/pzanders/Documents/Simulations/GodMD/domini/1NE4_6NO7_b.dcd
2025-09-10 16:28:12,301 [MainThread  ] [INFO ]  Features:
2025-09-10 16:28:12,301 [MainThread  ] [INFO ]    Cartesian:
2025-09-10 16:28:12,302 [MainThread  ] [INFO ]     - Topology Selection: name CA
2025-09-10 16:28:12,302 [MainThread  ] [INFO ]     - Number of features: 804
2025-09-10 16:28:12,303 [MainThread  ] [INFO ]    Distances:
2025-09-10 16:28:12,303 [MainThread  ] [INFO ]     - Topology Selection: None
2025-09-10 16:28:12,304 [MainThread  ] [INFO ]     - Number of features: 0
2025-09-10 16:28:12,304 [MainThread  ] [INFO ]    Angles:
2025-09-10 16:28:12,304 [MainThread  ] [INFO ]     - Topology Selection: None
2025-09-10 16:28:12,305 [MainThread  ] [INFO ]     - Number of features: 0
2025-09-10 16:28:12,305 [MainThread  ] [INFO ]    Dihedrals:
2025-09-10 16:28:12,305 [MainThread  ] [INFO ]     - Topology Selection: None
2025-09-10 16:28:12,306 [MainThread  ] [INFO ]     - Number of features: 0
2025-09-10 16:28:12,306 [MainThread  ] [INFO ]  Postprocessing:
2025-09-10 16:28:12,307 [MainThread  ] [INFO ]     - Normalization: None
2025-09-10 16:28:12,307 [MainThread  ] [INFO ]     - Timelag: 10
2025-09-10 16:28:12,307 [MainThread  ] [INFO ]  Dataset Properties:
2025-09-10 16:28:12,308 [MainThread  ] [INFO ]     - Dataset: dict_keys(['data', 'target'])
2025-09-10 16:28:12,308 [MainThread  ] [INFO ]     - Number of frames: 265
2025-09-10 16:28:12,308 [MainThread  ] [INFO ]     - Number of features: 804
