2025-09-14 00:30:09,820 [MainThread  ] [INFO ]  Executing biobb_pytorch.mdae.make_plumed Version: 5.0.0
2025-09-14 00:30:09,824 [MainThread  ] [INFO ]  Copy: test_model.pth to /home/pzanders/Documents/BSC/BioExcel/biobb/biobb_pytorch/biobb_pytorch/mdae/notebooks/d27244b5-eedd-415e-a2ff-99daecbe3dfb
2025-09-14 00:30:09,827 [MainThread  ] [INFO ]  Copy: 1NE4_6NO7_b.dcd.stats.pt to /home/pzanders/Documents/BSC/BioExcel/biobb/biobb_pytorch/biobb_pytorch/mdae/notebooks/d27244b5-eedd-415e-a2ff-99daecbe3dfb
2025-09-14 00:30:09,830 [MainThread  ] [INFO ]  Copy: /home/pzanders/Documents/Simulations/GodMD/domini/1NE4_6NO7_b.godmd.pdb to /home/pzanders/Documents/BSC/BioExcel/biobb/biobb_pytorch/biobb_pytorch/mdae/notebooks/d27244b5-eedd-415e-a2ff-99daecbe3dfb
2025-09-14 00:30:09,832 [MainThread  ] [INFO ]  Copy: alpha_carbons.ndx to /home/pzanders/Documents/BSC/BioExcel/biobb/biobb_pytorch/biobb_pytorch/mdae/notebooks/d27244b5-eedd-415e-a2ff-99daecbe3dfb
2025-09-14 00:30:09,834 [MainThread  ] [INFO ]  Found 312 Cartesian features.
2025-09-14 00:30:09,835 [MainThread  ] [INFO ]  Using GROUP: backbone
2025-09-14 00:30:09,836 [MainThread  ] [INFO ]     Parameters:
2025-09-14 00:30:09,837 [MainThread  ] [INFO ]      > SELECTION: backbone
2025-09-14 00:30:09,837 [MainThread  ] [INFO ]  WARNING: Using Cartesian coordinates but no WHOLEMOLECULES parameters provided; add WHOLEMOLECULES in properties.
2025-09-14 00:30:09,838 [MainThread  ] [INFO ]  Using FIT_TO_TEMPLATE
2025-09-14 00:30:09,839 [MainThread  ] [INFO ]     Reference PDB: /home/pzanders/Documents/Simulations/GodMD/domini/1NE4_6NO7_b.godmd.pdb
2025-09-14 00:30:09,839 [MainThread  ] [INFO ]     Parameters:
2025-09-14 00:30:09,840 [MainThread  ] [INFO ]      > STRIDE: 1
2025-09-14 00:30:09,840 [MainThread  ] [INFO ]      > TYPE: OPTIMAL
2025-09-14 00:30:09,841 [MainThread  ] [INFO ]  Using PYTORCH_MODEL: cv
2025-09-14 00:30:09,842 [MainThread  ] [INFO ]     Model ptc file: /home/pzanders/Documents/BSC/BioExcel/biobb/biobb_pytorch/biobb_pytorch/mdae/notebooks/plumed_model.ptc
2025-09-14 00:30:09,843 [MainThread  ] [INFO ]  Using Bias:
2025-09-14 00:30:09,844 [MainThread  ] [INFO ]     Command: METAD
2025-09-14 00:30:09,844 [MainThread  ] [INFO ]     Parameters:
2025-09-14 00:30:09,845 [MainThread  ] [INFO ]      > ARG: cv.*
2025-09-14 00:30:09,846 [MainThread  ] [INFO ]      > PACE: 500
2025-09-14 00:30:09,847 [MainThread  ] [INFO ]      > HEIGHT: 1.2
2025-09-14 00:30:09,849 [MainThread  ] [INFO ]      > SIGMA: 0.35
2025-09-14 00:30:09,850 [MainThread  ] [INFO ]      > FILE: HILLS
2025-09-14 00:30:09,851 [MainThread  ] [INFO ]      > BIASFACTOR: 8
2025-09-14 00:30:09,852 [MainThread  ] [INFO ]  Generated features.dat at /home/pzanders/Documents/BSC/BioExcel/biobb/biobb_pytorch/biobb_pytorch/mdae/notebooks/features.dat
2025-09-14 00:30:09,853 [MainThread  ] [INFO ]  File size: 7.78 KB
2025-09-14 00:30:09,854 [MainThread  ] [INFO ]  Generated PLUMED file at /home/pzanders/Documents/BSC/BioExcel/biobb/biobb_pytorch/biobb_pytorch/mdae/notebooks/plumed.dat
2025-09-14 00:30:09,855 [MainThread  ] [INFO ]  File size: 7.62 KB
2025-09-14 00:30:09,856 [MainThread  ] [INFO ]  Removed: []
