2025-09-14 19:09:14,102 [MainThread  ] [INFO ]  Executing biobb_pytorch.mdae.make_plumed Version: 5.0.0
2025-09-14 19:09:14,105 [MainThread  ] [INFO ]  Copy: test_model.pth to /home/pzanders/Documents/BSC/BioExcel/biobb/biobb_pytorch/biobb_pytorch/mdae/notebooks/611396d5-e838-4073-b291-5cba8758b757
2025-09-14 19:09:14,107 [MainThread  ] [INFO ]  Copy: 1NE4_6NO7_b.dcd.stats.pt to /home/pzanders/Documents/BSC/BioExcel/biobb/biobb_pytorch/biobb_pytorch/mdae/notebooks/611396d5-e838-4073-b291-5cba8758b757
2025-09-14 19:09:14,108 [MainThread  ] [INFO ]  Copy: /home/pzanders/Documents/Simulations/GodMD/domini/1NE4_6NO7_b.godmd.pdb to /home/pzanders/Documents/BSC/BioExcel/biobb/biobb_pytorch/biobb_pytorch/mdae/notebooks/611396d5-e838-4073-b291-5cba8758b757
2025-09-14 19:09:14,109 [MainThread  ] [INFO ]  Copy: alpha_carbons.ndx to /home/pzanders/Documents/BSC/BioExcel/biobb/biobb_pytorch/biobb_pytorch/mdae/notebooks/611396d5-e838-4073-b291-5cba8758b757
2025-09-14 19:09:14,110 [MainThread  ] [INFO ]  Found 267 Cartesian features.
2025-09-14 19:09:14,110 [MainThread  ] [INFO ]  Using GROUP: backbone
2025-09-14 19:09:14,110 [MainThread  ] [INFO ]     Parameters:
2025-09-14 19:09:14,111 [MainThread  ] [INFO ]      > SELECTION: backbone
2025-09-14 19:09:14,111 [MainThread  ] [INFO ]  WARNING: Using Cartesian coordinates but no WHOLEMOLECULES parameters provided; add WHOLEMOLECULES in properties.
2025-09-14 19:09:14,111 [MainThread  ] [INFO ]  Using FIT_TO_TEMPLATE
2025-09-14 19:09:14,112 [MainThread  ] [INFO ]     Reference PDB: /home/pzanders/Documents/Simulations/GodMD/domini/1NE4_6NO7_b.godmd.pdb
2025-09-14 19:09:14,113 [MainThread  ] [INFO ]     Parameters:
2025-09-14 19:09:14,113 [MainThread  ] [INFO ]      > STRIDE: 1
2025-09-14 19:09:14,113 [MainThread  ] [INFO ]      > TYPE: OPTIMAL
2025-09-14 19:09:14,114 [MainThread  ] [INFO ]  Using PYTORCH_MODEL: cv
2025-09-14 19:09:14,114 [MainThread  ] [INFO ]     Model ptc file: /home/pzanders/Documents/BSC/BioExcel/biobb/biobb_pytorch/biobb_pytorch/mdae/notebooks/plumed_model.ptc
2025-09-14 19:09:14,115 [MainThread  ] [INFO ]  Using Bias:
2025-09-14 19:09:14,115 [MainThread  ] [INFO ]     Command: METAD
2025-09-14 19:09:14,115 [MainThread  ] [INFO ]     Parameters:
2025-09-14 19:09:14,115 [MainThread  ] [INFO ]      > ARG: cv.*
2025-09-14 19:09:14,116 [MainThread  ] [INFO ]      > PACE: 500
2025-09-14 19:09:14,117 [MainThread  ] [INFO ]      > HEIGHT: 1.2
2025-09-14 19:09:14,117 [MainThread  ] [INFO ]      > SIGMA: 0.35
2025-09-14 19:09:14,118 [MainThread  ] [INFO ]      > FILE: HILLS
2025-09-14 19:09:14,118 [MainThread  ] [INFO ]      > BIASFACTOR: 8
2025-09-14 19:09:14,119 [MainThread  ] [INFO ]  Generated features.dat at /home/pzanders/Documents/BSC/BioExcel/biobb/biobb_pytorch/biobb_pytorch/mdae/notebooks/features.dat
2025-09-14 19:09:14,119 [MainThread  ] [INFO ]  File size: 6.64 KB
2025-09-14 19:09:14,120 [MainThread  ] [INFO ]  Generated PLUMED file at /home/pzanders/Documents/BSC/BioExcel/biobb/biobb_pytorch/biobb_pytorch/mdae/notebooks/plumed.dat
2025-09-14 19:09:14,121 [MainThread  ] [INFO ]  File size: 6.57 KB
2025-09-14 19:09:14,121 [MainThread  ] [INFO ]  Removed: []
