2025-09-14 00:19:44,100 [MainThread  ] [INFO ]  Executing biobb_pytorch.mdae.build_model Version: 5.0.0
2025-09-14 00:19:44,102 [MainThread  ] [INFO ]  Copy: 1NE4_6NO7_b.dcd.stats.pt to /home/pzanders/Documents/BSC/BioExcel/biobb/biobb_pytorch/biobb_pytorch/mdae/notebooks/f62b139e-c112-474e-aef4-8f48202740e0
2025-09-14 00:19:44,106 [MainThread  ] [INFO ]  ## BioBB AutoEncoder Builder ##
2025-09-14 00:19:44,107 [MainThread  ] [INFO ]  
2025-09-14 00:19:44,108 [MainThread  ] [INFO ]  Hyperparameters:
2025-09-14 00:19:44,108 [MainThread  ] [INFO ]  ----------------
2025-09-14 00:19:44,108 [MainThread  ] [INFO ]  model_type: AutoEncoder
2025-09-14 00:19:44,109 [MainThread  ] [INFO ]  n_cvs: 2
2025-09-14 00:19:44,109 [MainThread  ] [INFO ]  encoder_layers: [256, 128, 64]
2025-09-14 00:19:44,109 [MainThread  ] [INFO ]  decoder_layers: [64, 128, 256]
2025-09-14 00:19:44,110 [MainThread  ] [INFO ]  loss_function: MSELoss()
2025-09-14 00:19:44,110 [MainThread  ] [INFO ]  options:
2025-09-14 00:19:44,111 [MainThread  ] [INFO ]     encoder: {'activation': 'relu', 'last_layer_activation': False}
2025-09-14 00:19:44,111 [MainThread  ] [INFO ]     decoder: {'activation': 'relu', 'last_layer_activation': 'sigmoid'}
2025-09-14 00:19:44,111 [MainThread  ] [INFO ]     optimizer: {'lr': 0.0001}
2025-09-14 00:19:44,112 [MainThread  ] [INFO ]  
2025-09-14 00:19:44,112 [MainThread  ] [INFO ]  Model:
2025-09-14 00:19:44,112 [MainThread  ] [INFO ]  ------
2025-09-14 00:19:44,113 [MainThread  ] [INFO ]  AutoEncoder(
2025-09-14 00:19:44,113 [MainThread  ] [INFO ]    (loss_fn): MSELoss()
2025-09-14 00:19:44,114 [MainThread  ] [INFO ]    (norm_in): Normalization(in_features=936, out_features=936, mode=mean_std)
2025-09-14 00:19:44,114 [MainThread  ] [INFO ]    (encoder): FeedForward(
2025-09-14 00:19:44,115 [MainThread  ] [INFO ]      (nn): Sequential(
2025-09-14 00:19:44,115 [MainThread  ] [INFO ]        (0): Linear(in_features=936, out_features=256, bias=True)
2025-09-14 00:19:44,116 [MainThread  ] [INFO ]        (1): ReLU(inplace=True)
2025-09-14 00:19:44,116 [MainThread  ] [INFO ]        (2): Linear(in_features=256, out_features=128, bias=True)
2025-09-14 00:19:44,116 [MainThread  ] [INFO ]        (3): ReLU(inplace=True)
2025-09-14 00:19:44,117 [MainThread  ] [INFO ]        (4): Linear(in_features=128, out_features=64, bias=True)
2025-09-14 00:19:44,117 [MainThread  ] [INFO ]        (5): ReLU(inplace=True)
2025-09-14 00:19:44,117 [MainThread  ] [INFO ]        (6): Linear(in_features=64, out_features=2, bias=True)
2025-09-14 00:19:44,118 [MainThread  ] [INFO ]      )
2025-09-14 00:19:44,118 [MainThread  ] [INFO ]    )
2025-09-14 00:19:44,118 [MainThread  ] [INFO ]    (decoder): FeedForward(
2025-09-14 00:19:44,119 [MainThread  ] [INFO ]      (nn): Sequential(
2025-09-14 00:19:44,119 [MainThread  ] [INFO ]        (0): Linear(in_features=2, out_features=64, bias=True)
2025-09-14 00:19:44,119 [MainThread  ] [INFO ]        (1): ReLU(inplace=True)
2025-09-14 00:19:44,120 [MainThread  ] [INFO ]        (2): Linear(in_features=64, out_features=128, bias=True)
2025-09-14 00:19:44,120 [MainThread  ] [INFO ]        (3): ReLU(inplace=True)
2025-09-14 00:19:44,121 [MainThread  ] [INFO ]        (4): Linear(in_features=128, out_features=256, bias=True)
2025-09-14 00:19:44,121 [MainThread  ] [INFO ]        (5): ReLU(inplace=True)
2025-09-14 00:19:44,122 [MainThread  ] [INFO ]        (6): Linear(in_features=256, out_features=936, bias=True)
2025-09-14 00:19:44,122 [MainThread  ] [INFO ]        (7): Sigmoid()
2025-09-14 00:19:44,122 [MainThread  ] [INFO ]      )
2025-09-14 00:19:44,123 [MainThread  ] [INFO ]    )
2025-09-14 00:19:44,123 [MainThread  ] [INFO ]  )
2025-09-14 00:19:44,123 [MainThread  ] [INFO ]  
2025-09-14 00:19:44,124 [MainThread  ] [INFO ]  Model saved in .pth format in /home/pzanders/Documents/BSC/BioExcel/biobb/biobb_pytorch/biobb_pytorch/mdae/notebooks/test_model.pth
2025-09-14 00:19:44,124 [MainThread  ] [INFO ]  File size: 2.17 MB
2025-09-14 00:19:44,125 [MainThread  ] [INFO ]  Removed: []
