2025-09-14 01:06:45,126 [MainThread  ] [INFO ]  Available Trajectory Properties:
2025-09-14 01:06:45,127 [MainThread  ] [INFO ]     - Number of frames: 10000
2025-09-14 01:06:45,127 [MainThread  ] [INFO ]  Featurizing the trajectory traj.xtc
2025-09-14 01:06:45,258 [MainThread  ] [INFO ]  Features:
2025-09-14 01:06:45,259 [MainThread  ] [INFO ]    Cartesian:
2025-09-14 01:06:45,259 [MainThread  ] [INFO ]     - Topology Selection: name CA
2025-09-14 01:06:45,260 [MainThread  ] [INFO ]     - Number of features: 801
2025-09-14 01:06:45,260 [MainThread  ] [INFO ]    Distances:
2025-09-14 01:06:45,261 [MainThread  ] [INFO ]     - Topology Selection: None
2025-09-14 01:06:45,261 [MainThread  ] [INFO ]     - Number of features: 0
2025-09-14 01:06:45,262 [MainThread  ] [INFO ]    Angles:
2025-09-14 01:06:45,262 [MainThread  ] [INFO ]     - Topology Selection: None
2025-09-14 01:06:45,263 [MainThread  ] [INFO ]     - Number of features: 0
2025-09-14 01:06:45,263 [MainThread  ] [INFO ]    Dihedrals:
2025-09-14 01:06:45,264 [MainThread  ] [INFO ]     - Topology Selection: None
2025-09-14 01:06:45,264 [MainThread  ] [INFO ]     - Number of features: 0
2025-09-14 01:06:45,265 [MainThread  ] [INFO ]  Postprocessing:
2025-09-14 01:06:45,265 [MainThread  ] [INFO ]     - Normalization: None
2025-09-14 01:06:45,266 [MainThread  ] [INFO ]     - Timelag: 1
2025-09-14 01:06:45,266 [MainThread  ] [INFO ]  Dataset Properties:
2025-09-14 01:06:45,266 [MainThread  ] [INFO ]     - Dataset: dict_keys(['data', 'target'])
2025-09-14 01:06:45,267 [MainThread  ] [INFO ]     - Number of frames: 9999
2025-09-14 01:06:45,267 [MainThread  ] [INFO ]     - Number of features: 801
