2025-09-14 00:31:40,045 [MainThread  ] [INFO ]  Executing biobb_pytorch.mdae.build_model Version: 5.0.0
2025-09-14 00:31:40,046 [MainThread  ] [INFO ]  Copy: 1NE4_6NO7_b.dcd.stats.pt to /home/pzanders/Documents/BSC/BioExcel/biobb/biobb_pytorch/biobb_pytorch/mdae/notebooks/db2006ed-5b86-4837-bd49-22a901e1d000
2025-09-14 00:31:40,051 [MainThread  ] [INFO ]  ## BioBB AutoEncoder Builder ##
2025-09-14 00:31:40,051 [MainThread  ] [INFO ]  
2025-09-14 00:31:40,052 [MainThread  ] [INFO ]  Hyperparameters:
2025-09-14 00:31:40,052 [MainThread  ] [INFO ]  ----------------
2025-09-14 00:31:40,052 [MainThread  ] [INFO ]  model_type: AutoEncoder
2025-09-14 00:31:40,053 [MainThread  ] [INFO ]  n_cvs: 3
2025-09-14 00:31:40,053 [MainThread  ] [INFO ]  encoder_layers: [256, 128, 64]
2025-09-14 00:31:40,053 [MainThread  ] [INFO ]  decoder_layers: [64, 128, 256]
2025-09-14 00:31:40,054 [MainThread  ] [INFO ]  loss_function: MSELoss()
2025-09-14 00:31:40,054 [MainThread  ] [INFO ]  options:
2025-09-14 00:31:40,054 [MainThread  ] [INFO ]     encoder: {'activation': 'relu', 'last_layer_activation': False}
2025-09-14 00:31:40,055 [MainThread  ] [INFO ]     decoder: {'activation': 'relu', 'last_layer_activation': 'sigmoid'}
2025-09-14 00:31:40,055 [MainThread  ] [INFO ]     optimizer: {'lr': 0.0001}
2025-09-14 00:31:40,055 [MainThread  ] [INFO ]  
2025-09-14 00:31:40,055 [MainThread  ] [INFO ]  Model:
2025-09-14 00:31:40,056 [MainThread  ] [INFO ]  ------
2025-09-14 00:31:40,056 [MainThread  ] [INFO ]  AutoEncoder(
2025-09-14 00:31:40,056 [MainThread  ] [INFO ]    (loss_fn): MSELoss()
2025-09-14 00:31:40,057 [MainThread  ] [INFO ]    (norm_in): Normalization(in_features=936, out_features=936, mode=mean_std)
2025-09-14 00:31:40,057 [MainThread  ] [INFO ]    (encoder): FeedForward(
2025-09-14 00:31:40,058 [MainThread  ] [INFO ]      (nn): Sequential(
2025-09-14 00:31:40,058 [MainThread  ] [INFO ]        (0): Linear(in_features=936, out_features=256, bias=True)
2025-09-14 00:31:40,059 [MainThread  ] [INFO ]        (1): ReLU(inplace=True)
2025-09-14 00:31:40,059 [MainThread  ] [INFO ]        (2): Linear(in_features=256, out_features=128, bias=True)
2025-09-14 00:31:40,059 [MainThread  ] [INFO ]        (3): ReLU(inplace=True)
2025-09-14 00:31:40,060 [MainThread  ] [INFO ]        (4): Linear(in_features=128, out_features=64, bias=True)
2025-09-14 00:31:40,060 [MainThread  ] [INFO ]        (5): ReLU(inplace=True)
2025-09-14 00:31:40,060 [MainThread  ] [INFO ]        (6): Linear(in_features=64, out_features=3, bias=True)
2025-09-14 00:31:40,061 [MainThread  ] [INFO ]      )
2025-09-14 00:31:40,061 [MainThread  ] [INFO ]    )
2025-09-14 00:31:40,061 [MainThread  ] [INFO ]    (decoder): FeedForward(
2025-09-14 00:31:40,062 [MainThread  ] [INFO ]      (nn): Sequential(
2025-09-14 00:31:40,062 [MainThread  ] [INFO ]        (0): Linear(in_features=3, out_features=64, bias=True)
2025-09-14 00:31:40,062 [MainThread  ] [INFO ]        (1): ReLU(inplace=True)
2025-09-14 00:31:40,063 [MainThread  ] [INFO ]        (2): Linear(in_features=64, out_features=128, bias=True)
2025-09-14 00:31:40,063 [MainThread  ] [INFO ]        (3): ReLU(inplace=True)
2025-09-14 00:31:40,063 [MainThread  ] [INFO ]        (4): Linear(in_features=128, out_features=256, bias=True)
2025-09-14 00:31:40,064 [MainThread  ] [INFO ]        (5): ReLU(inplace=True)
2025-09-14 00:31:40,064 [MainThread  ] [INFO ]        (6): Linear(in_features=256, out_features=936, bias=True)
2025-09-14 00:31:40,064 [MainThread  ] [INFO ]        (7): Sigmoid()
2025-09-14 00:31:40,064 [MainThread  ] [INFO ]      )
2025-09-14 00:31:40,065 [MainThread  ] [INFO ]    )
2025-09-14 00:31:40,065 [MainThread  ] [INFO ]  )
2025-09-14 00:31:40,065 [MainThread  ] [INFO ]  
2025-09-14 00:31:40,066 [MainThread  ] [INFO ]  Model saved in .pth format in /home/pzanders/Documents/BSC/BioExcel/biobb/biobb_pytorch/biobb_pytorch/mdae/notebooks/test_model.pth
2025-09-14 00:31:40,066 [MainThread  ] [INFO ]  File size: 2.17 MB
2025-09-14 00:31:40,067 [MainThread  ] [INFO ]  Removed: []
