2025-09-12 17:54:18,152 [MainThread  ] [INFO ]  Executing biobb_gromacs.gromacs.make_ndx Version: 4.2.0
2025-09-12 17:54:18,154 [MainThread  ] [INFO ]  Copy: structure.pdb to /home/pzanders/Documents/BSC/BioExcel/biobb/biobb_pytorch/biobb_pytorch/mdae/notebooks/fcd3a1e4-7f09-40c7-a6da-de2a0e494174
2025-09-12 17:54:18,155 [MainThread  ] [INFO ]  Copy: /home/pzanders/Documents/BSC/BioExcel/biobb/biobb_pytorch/biobb_pytorch/mdae/notebooks/e46143e8-3095-458f-b2b9-a3ed080cf6b4.stdin to /home/pzanders/Documents/BSC/BioExcel/biobb/biobb_pytorch/biobb_pytorch/mdae/notebooks/fcd3a1e4-7f09-40c7-a6da-de2a0e494174
2025-09-12 17:54:18,156 [MainThread  ] [INFO ]  gmx -nobackup -nocopyright make_ndx -f /home/pzanders/Documents/BSC/BioExcel/biobb/biobb_pytorch/biobb_pytorch/mdae/notebooks/fcd3a1e4-7f09-40c7-a6da-de2a0e494174/structure.pdb -o /home/pzanders/Documents/BSC/BioExcel/biobb/biobb_pytorch/biobb_pytorch/mdae/notebooks/fcd3a1e4-7f09-40c7-a6da-de2a0e494174/alpha_carbons.ndx < /home/pzanders/Documents/BSC/BioExcel/biobb/biobb_pytorch/biobb_pytorch/mdae/notebooks/fcd3a1e4-7f09-40c7-a6da-de2a0e494174/e46143e8-3095-458f-b2b9-a3ed080cf6b4.stdin

2025-09-12 17:54:18,217 [MainThread  ] [INFO ]  Exit code 0

2025-09-12 17:54:18,217 [MainThread  ] [INFO ]  Going to read 0 old index file(s)
Analysing residue names:
There are:   312    Protein residues
There are:     1        Ion residues
Analysing Protein...
Analysing residues not classified as Protein/DNA/RNA/Water and splitting into groups...

  0 System              :  4897 atoms
  1 Protein             :  4896 atoms
  2 Protein-H           :  2475 atoms
  3 C-alpha             :   312 atoms
  4 Backbone            :   936 atoms
  5 MainChain           :  1249 atoms
  6 MainChain+Cb        :  1542 atoms
  7 MainChain+H         :  1551 atoms
  8 SideChain           :  3345 atoms
  9 SideChain-H         :  1226 atoms
 10 Prot-Masses         :  4896 atoms
 11 non-Protein         :     1 atoms
 12 Ion                 :     1 atoms
 13 ZN                  :     1 atoms

 nr : group      '!': not  'name' nr name   'splitch' nr    Enter: list groups
 'a': atom       '&': and  'del' nr         'splitres' nr   'l': list residues
 't': atom type  '|': or   'keep' nr        'splitat' nr    'h': help
 'r': residue              'res' nr         'chain' char
 "name": group             'case': case sensitive           'q': save and quit
 'ri': residue index

> 
Found 312 atoms with name CA

 14 CA                  :   312 atoms

> 

2025-09-12 17:54:18,220 [MainThread  ] [INFO ]  Removed: ['/home/pzanders/Documents/BSC/BioExcel/biobb/biobb_pytorch/biobb_pytorch/mdae/notebooks/fcd3a1e4-7f09-40c7-a6da-de2a0e494174', '/home/pzanders/Documents/BSC/BioExcel/biobb/biobb_pytorch/biobb_pytorch/mdae/notebooks/e46143e8-3095-458f-b2b9-a3ed080cf6b4.stdin']
