2025-09-14 00:34:24,930 [MainThread  ] [INFO ]  Executing biobb_pytorch.mdae.build_model Version: 5.0.0
2025-09-14 00:34:24,952 [MainThread  ] [INFO ]  Copy: 1NE4_6NO7_b.dcd.stats.pt to /home/pzanders/Documents/BSC/BioExcel/biobb/biobb_pytorch/biobb_pytorch/mdae/notebooks/49b22a50-b0d6-45af-a3b3-84d9275c971a
2025-09-14 00:34:24,958 [MainThread  ] [INFO ]  ## BioBB AutoEncoder Builder ##
2025-09-14 00:34:24,959 [MainThread  ] [INFO ]  
2025-09-14 00:34:24,959 [MainThread  ] [INFO ]  Hyperparameters:
2025-09-14 00:34:24,960 [MainThread  ] [INFO ]  ----------------
2025-09-14 00:34:24,960 [MainThread  ] [INFO ]  model_type: AutoEncoder
2025-09-14 00:34:24,961 [MainThread  ] [INFO ]  n_cvs: 20
2025-09-14 00:34:24,961 [MainThread  ] [INFO ]  encoder_layers: [256, 128, 64]
2025-09-14 00:34:24,961 [MainThread  ] [INFO ]  decoder_layers: [64, 128, 256]
2025-09-14 00:34:24,962 [MainThread  ] [INFO ]  loss_function: MSELoss()
2025-09-14 00:34:24,962 [MainThread  ] [INFO ]  options:
2025-09-14 00:34:24,962 [MainThread  ] [INFO ]     encoder: {'activation': 'relu', 'last_layer_activation': False}
2025-09-14 00:34:24,963 [MainThread  ] [INFO ]     decoder: {'activation': 'relu', 'last_layer_activation': 'sigmoid'}
2025-09-14 00:34:24,963 [MainThread  ] [INFO ]     optimizer: {'lr': 0.0001}
2025-09-14 00:34:24,964 [MainThread  ] [INFO ]  
2025-09-14 00:34:24,964 [MainThread  ] [INFO ]  Model:
2025-09-14 00:34:24,965 [MainThread  ] [INFO ]  ------
2025-09-14 00:34:24,965 [MainThread  ] [INFO ]  AutoEncoder(
2025-09-14 00:34:24,965 [MainThread  ] [INFO ]    (loss_fn): MSELoss()
2025-09-14 00:34:24,966 [MainThread  ] [INFO ]    (norm_in): Normalization(in_features=936, out_features=936, mode=mean_std)
2025-09-14 00:34:24,966 [MainThread  ] [INFO ]    (encoder): FeedForward(
2025-09-14 00:34:24,966 [MainThread  ] [INFO ]      (nn): Sequential(
2025-09-14 00:34:24,967 [MainThread  ] [INFO ]        (0): Linear(in_features=936, out_features=256, bias=True)
2025-09-14 00:34:24,967 [MainThread  ] [INFO ]        (1): ReLU(inplace=True)
2025-09-14 00:34:24,968 [MainThread  ] [INFO ]        (2): Linear(in_features=256, out_features=128, bias=True)
2025-09-14 00:34:24,968 [MainThread  ] [INFO ]        (3): ReLU(inplace=True)
2025-09-14 00:34:24,970 [MainThread  ] [INFO ]        (4): Linear(in_features=128, out_features=64, bias=True)
2025-09-14 00:34:24,970 [MainThread  ] [INFO ]        (5): ReLU(inplace=True)
2025-09-14 00:34:24,970 [MainThread  ] [INFO ]        (6): Linear(in_features=64, out_features=20, bias=True)
2025-09-14 00:34:24,971 [MainThread  ] [INFO ]      )
2025-09-14 00:34:24,971 [MainThread  ] [INFO ]    )
2025-09-14 00:34:24,971 [MainThread  ] [INFO ]    (decoder): FeedForward(
2025-09-14 00:34:24,972 [MainThread  ] [INFO ]      (nn): Sequential(
2025-09-14 00:34:24,972 [MainThread  ] [INFO ]        (0): Linear(in_features=20, out_features=64, bias=True)
2025-09-14 00:34:24,972 [MainThread  ] [INFO ]        (1): ReLU(inplace=True)
2025-09-14 00:34:24,974 [MainThread  ] [INFO ]        (2): Linear(in_features=64, out_features=128, bias=True)
2025-09-14 00:34:24,974 [MainThread  ] [INFO ]        (3): ReLU(inplace=True)
2025-09-14 00:34:24,975 [MainThread  ] [INFO ]        (4): Linear(in_features=128, out_features=256, bias=True)
2025-09-14 00:34:24,975 [MainThread  ] [INFO ]        (5): ReLU(inplace=True)
2025-09-14 00:34:24,975 [MainThread  ] [INFO ]        (6): Linear(in_features=256, out_features=936, bias=True)
2025-09-14 00:34:24,976 [MainThread  ] [INFO ]        (7): Sigmoid()
2025-09-14 00:34:24,976 [MainThread  ] [INFO ]      )
2025-09-14 00:34:24,976 [MainThread  ] [INFO ]    )
2025-09-14 00:34:24,976 [MainThread  ] [INFO ]  )
2025-09-14 00:34:24,977 [MainThread  ] [INFO ]  
2025-09-14 00:34:24,977 [MainThread  ] [INFO ]  Model saved in .pth format in /home/pzanders/Documents/BSC/BioExcel/biobb/biobb_pytorch/biobb_pytorch/mdae/notebooks/test_model.pth
2025-09-14 00:34:24,978 [MainThread  ] [INFO ]  File size: 2.18 MB
2025-09-14 00:34:24,978 [MainThread  ] [INFO ]  Removed: []
