2025-09-10 16:30:43,761 [MainThread  ] [INFO ]  Available Trajectory Properties:
2025-09-10 16:30:43,761 [MainThread  ] [INFO ]     - Number of frames: 275
2025-09-10 16:30:43,761 [MainThread  ] [INFO ]  Featurizing the trajectory /home/pzanders/Documents/Simulations/GodMD/domini/1NE4_6NO7_b.dcd
2025-09-10 16:30:43,771 [MainThread  ] [INFO ]  Features:
2025-09-10 16:30:43,772 [MainThread  ] [INFO ]    Cartesian:
2025-09-10 16:30:43,772 [MainThread  ] [INFO ]     - Topology Selection: name CA
2025-09-10 16:30:43,772 [MainThread  ] [INFO ]     - Number of features: 804
2025-09-10 16:30:43,773 [MainThread  ] [INFO ]    Distances:
2025-09-10 16:30:43,773 [MainThread  ] [INFO ]     - Topology Selection: None
2025-09-10 16:30:43,773 [MainThread  ] [INFO ]     - Number of features: 0
2025-09-10 16:30:43,774 [MainThread  ] [INFO ]    Angles:
2025-09-10 16:30:43,774 [MainThread  ] [INFO ]     - Topology Selection: None
2025-09-10 16:30:43,774 [MainThread  ] [INFO ]     - Number of features: 0
2025-09-10 16:30:43,775 [MainThread  ] [INFO ]    Dihedrals:
2025-09-10 16:30:43,775 [MainThread  ] [INFO ]     - Topology Selection: None
2025-09-10 16:30:43,775 [MainThread  ] [INFO ]     - Number of features: 0
2025-09-10 16:30:43,775 [MainThread  ] [INFO ]  Postprocessing:
2025-09-10 16:30:43,776 [MainThread  ] [INFO ]     - Normalization: None
2025-09-10 16:30:43,776 [MainThread  ] [INFO ]     - Timelag: 10
2025-09-10 16:30:43,777 [MainThread  ] [INFO ]  Dataset Properties:
2025-09-10 16:30:43,777 [MainThread  ] [INFO ]     - Dataset: dict_keys(['data', 'target'])
2025-09-10 16:30:43,778 [MainThread  ] [INFO ]     - Number of frames: 265
2025-09-10 16:30:43,778 [MainThread  ] [INFO ]     - Number of features: 804
