2025-09-14 00:44:35,252 [MainThread  ] [INFO ]  Executing biobb_pytorch.mdae.make_plumed Version: 5.0.0
2025-09-14 00:44:35,254 [MainThread  ] [INFO ]  Copy: test_model.pth to /home/pzanders/Documents/BSC/BioExcel/biobb/biobb_pytorch/biobb_pytorch/mdae/notebooks/2720a87e-9ef6-4d25-8bb1-91f57373bc91
2025-09-14 00:44:35,276 [MainThread  ] [INFO ]  Copy: 1NE4_6NO7_b.dcd.stats.pt to /home/pzanders/Documents/BSC/BioExcel/biobb/biobb_pytorch/biobb_pytorch/mdae/notebooks/2720a87e-9ef6-4d25-8bb1-91f57373bc91
2025-09-14 00:44:35,277 [MainThread  ] [INFO ]  Copy: /home/pzanders/Documents/Simulations/GodMD/domini/1NE4_6NO7_b.godmd.pdb to /home/pzanders/Documents/BSC/BioExcel/biobb/biobb_pytorch/biobb_pytorch/mdae/notebooks/2720a87e-9ef6-4d25-8bb1-91f57373bc91
2025-09-14 00:44:35,278 [MainThread  ] [INFO ]  Copy: alpha_carbons.ndx to /home/pzanders/Documents/BSC/BioExcel/biobb/biobb_pytorch/biobb_pytorch/mdae/notebooks/2720a87e-9ef6-4d25-8bb1-91f57373bc91
2025-09-14 00:44:35,279 [MainThread  ] [INFO ]  Found 312 Cartesian features.
2025-09-14 00:44:35,279 [MainThread  ] [INFO ]  Using GROUP: backbone
2025-09-14 00:44:35,280 [MainThread  ] [INFO ]     Parameters:
2025-09-14 00:44:35,280 [MainThread  ] [INFO ]      > SELECTION: backbone
2025-09-14 00:44:35,280 [MainThread  ] [INFO ]  WARNING: Using Cartesian coordinates but no WHOLEMOLECULES parameters provided; add WHOLEMOLECULES in properties.
2025-09-14 00:44:35,281 [MainThread  ] [INFO ]  Using FIT_TO_TEMPLATE
2025-09-14 00:44:35,281 [MainThread  ] [INFO ]     Reference PDB: /home/pzanders/Documents/Simulations/GodMD/domini/1NE4_6NO7_b.godmd.pdb
2025-09-14 00:44:35,282 [MainThread  ] [INFO ]     Parameters:
2025-09-14 00:44:35,282 [MainThread  ] [INFO ]      > STRIDE: 1
2025-09-14 00:44:35,282 [MainThread  ] [INFO ]      > TYPE: OPTIMAL
2025-09-14 00:44:35,283 [MainThread  ] [INFO ]  Using PYTORCH_MODEL: cv
2025-09-14 00:44:35,283 [MainThread  ] [INFO ]     Model ptc file: /home/pzanders/Documents/BSC/BioExcel/biobb/biobb_pytorch/biobb_pytorch/mdae/notebooks/plumed_model.ptc
2025-09-14 00:44:35,284 [MainThread  ] [INFO ]  Using Bias:
2025-09-14 00:44:35,284 [MainThread  ] [INFO ]     Command: METAD
2025-09-14 00:44:35,284 [MainThread  ] [INFO ]     Parameters:
2025-09-14 00:44:35,285 [MainThread  ] [INFO ]      > ARG: cv.*
2025-09-14 00:44:35,285 [MainThread  ] [INFO ]      > PACE: 500
2025-09-14 00:44:35,285 [MainThread  ] [INFO ]      > HEIGHT: 1.2
2025-09-14 00:44:35,286 [MainThread  ] [INFO ]      > SIGMA: 0.35
2025-09-14 00:44:35,286 [MainThread  ] [INFO ]      > FILE: HILLS
2025-09-14 00:44:35,286 [MainThread  ] [INFO ]      > BIASFACTOR: 8
2025-09-14 00:44:35,288 [MainThread  ] [INFO ]  Generated features.dat at /home/pzanders/Documents/BSC/BioExcel/biobb/biobb_pytorch/biobb_pytorch/mdae/notebooks/features.dat
2025-09-14 00:44:35,288 [MainThread  ] [INFO ]  File size: 7.78 KB
2025-09-14 00:44:35,289 [MainThread  ] [INFO ]  Generated PLUMED file at /home/pzanders/Documents/BSC/BioExcel/biobb/biobb_pytorch/biobb_pytorch/mdae/notebooks/plumed.dat
2025-09-14 00:44:35,289 [MainThread  ] [INFO ]  File size: 7.62 KB
2025-09-14 00:44:35,290 [MainThread  ] [INFO ]  Removed: []
