2025-09-14 18:52:27,441 [MainThread  ] [INFO ]  Available Trajectory Properties:
2025-09-14 18:52:27,441 [MainThread  ] [INFO ]     - Number of frames: 10000
2025-09-14 18:52:27,442 [MainThread  ] [INFO ]  Featurizing the trajectory traj.xtc
2025-09-14 18:52:27,768 [MainThread  ] [INFO ]  Features:
2025-09-14 18:52:27,769 [MainThread  ] [INFO ]    Cartesian:
2025-09-14 18:52:27,770 [MainThread  ] [INFO ]     - Topology Selection: name CA
2025-09-14 18:52:27,770 [MainThread  ] [INFO ]     - Number of features: 801
2025-09-14 18:52:27,771 [MainThread  ] [INFO ]    Distances:
2025-09-14 18:52:27,771 [MainThread  ] [INFO ]     - Topology Selection: None
2025-09-14 18:52:27,772 [MainThread  ] [INFO ]     - Number of features: 0
2025-09-14 18:52:27,772 [MainThread  ] [INFO ]    Angles:
2025-09-14 18:52:27,772 [MainThread  ] [INFO ]     - Topology Selection: None
2025-09-14 18:52:27,773 [MainThread  ] [INFO ]     - Number of features: 0
2025-09-14 18:52:27,774 [MainThread  ] [INFO ]    Dihedrals:
2025-09-14 18:52:27,774 [MainThread  ] [INFO ]     - Topology Selection: None
2025-09-14 18:52:27,775 [MainThread  ] [INFO ]     - Number of features: 0
2025-09-14 18:52:27,775 [MainThread  ] [INFO ]  Postprocessing:
2025-09-14 18:52:27,776 [MainThread  ] [INFO ]     - Normalization: None
2025-09-14 18:52:27,776 [MainThread  ] [INFO ]     - Timelag: 1
2025-09-14 18:52:27,776 [MainThread  ] [INFO ]  Dataset Properties:
2025-09-14 18:52:27,777 [MainThread  ] [INFO ]     - Dataset: dict_keys(['data', 'target'])
2025-09-14 18:52:27,777 [MainThread  ] [INFO ]     - Number of frames: 9999
2025-09-14 18:52:27,777 [MainThread  ] [INFO ]     - Number of features: 801
