2025-09-14 19:09:11,346 [MainThread  ] [INFO ]               :-) GROMACS - gmx trjconv, 2021.4-Ubuntu-2021.4-2 (-:

                            GROMACS is written by:
     Andrey Alekseenko              Emile Apol              Rossen Apostolov     
         Paul Bauer           Herman J.C. Berendsen           Par Bjelkmar       
       Christian Blau           Viacheslav Bolnykh             Kevin Boyd        
     Aldert van Buuren           Rudi van Drunen             Anton Feenstra      
    Gilles Gouaillardet             Alan Gray               Gerrit Groenhof      
       Anca Hamuraru            Vincent Hindriksen          M. Eric Irrgang      
      Aleksei Iupinov           Christoph Junghans             Joe Jordan        
    Dimitrios Karkoulis            Peter Kasson                Jiri Kraus        
      Carsten Kutzner              Per Larsson              Justin A. Lemkul     
       Viveca Lindahl            Magnus Lundborg             Erik Marklund       
        Pascal Merz             Pieter Meulenhoff            Teemu Murtola       
        Szilard Pall               Sander Pronk              Roland Schulz       
       Michael Shirts            Alexey Shvetsov             Alfons Sijbers      
       Peter Tieleman              Jon Vincent              Teemu Virolainen     
     Christian Wennberg            Maarten Wolf              Artem Zhmurov       
                           and the project leaders:
        Mark Abraham, Berk Hess, Erik Lindahl, and David van der Spoel

Copyright (c) 1991-2000, University of Groningen, The Netherlands.
Copyright (c) 2001-2019, The GROMACS development team at
Uppsala University, Stockholm University and
the Royal Institute of Technology, Sweden.
check out http://www.gromacs.org for more information.

GROMACS is free software; you can redistribute it and/or modify it
under the terms of the GNU Lesser General Public License
as published by the Free Software Foundation; either version 2.1
of the License, or (at your option) any later version.

GROMACS:      gmx trjconv, version 2021.4-Ubuntu-2021.4-2
Executable:   /usr/bin/gmx
Data prefix:  /usr
Working dir:  /home/pzanders/Documents/BSC/BioExcel/biobb/biobb_pytorch/biobb_pytorch/mdae/notebooks
Command line:
  gmx trjconv -f /home/pzanders/Documents/BSC/BioExcel/biobb/biobb_pytorch/biobb_pytorch/mdae/notebooks/47c5ea0a-67ed-4719-9ca3-bb97846f715b/structure.pdb -s /home/pzanders/Documents/BSC/BioExcel/biobb/biobb_pytorch/biobb_pytorch/mdae/notebooks/47c5ea0a-67ed-4719-9ca3-bb97846f715b/structure.pdb -o /home/pzanders/Documents/BSC/BioExcel/biobb/biobb_pytorch/biobb_pytorch/mdae/notebooks/47c5ea0a-67ed-4719-9ca3-bb97846f715b/reconstructed.pdb -nocenter -n /home/pzanders/Documents/BSC/BioExcel/biobb/biobb_pytorch/biobb_pytorch/mdae/notebooks/47c5ea0a-67ed-4719-9ca3-bb97846f715b/alpha_carbons.ndx

Will write pdb: Protein data bank file
Group     0 (         System) has  4384 elements
Group     1 (        Protein) has  4384 elements
Group     2 (      Protein-H) has  2193 elements
Group     3 (        C-alpha) has   267 elements
Group     4 (       Backbone) has   801 elements
Group     5 (      MainChain) has  1069 elements
Group     6 (   MainChain+Cb) has  1333 elements
Group     7 (    MainChain+H) has  1323 elements
Group     8 (      SideChain) has  3061 elements
Group     9 (    SideChain-H) has  1124 elements
Group    10 (             CA) has   267 elements
Select a group: Reading frames from pdb fileReading frame       0 time    0.000   
Precision of /home/pzanders/Documents/BSC/BioExcel/biobb/biobb_pytorch/biobb_pytorch/mdae/notebooks/47c5ea0a-67ed-4719-9ca3-bb97846f715b/structure.pdb is 0.0001 (nm)
 ->  frame      0 time    0.000       '', 4384 atoms
Last frame          0 time    0.000   


GROMACS reminds you: "It's Not Dark Yet, But It's Getting There" (Bob Dylan)


