2025-09-10 16:32:11,728 [MainThread  ] [INFO ]  Available Trajectory Properties:
2025-09-10 16:32:11,728 [MainThread  ] [INFO ]     - Number of frames: 275
2025-09-10 16:32:11,729 [MainThread  ] [INFO ]  Featurizing the trajectory /home/pzanders/Documents/Simulations/GodMD/domini/1NE4_6NO7_b.dcd
2025-09-10 16:32:11,736 [MainThread  ] [INFO ]  Features:
2025-09-10 16:32:11,736 [MainThread  ] [INFO ]    Cartesian:
2025-09-10 16:32:11,737 [MainThread  ] [INFO ]     - Topology Selection: name CA
2025-09-10 16:32:11,737 [MainThread  ] [INFO ]     - Number of features: 804
2025-09-10 16:32:11,738 [MainThread  ] [INFO ]    Distances:
2025-09-10 16:32:11,738 [MainThread  ] [INFO ]     - Topology Selection: None
2025-09-10 16:32:11,739 [MainThread  ] [INFO ]     - Number of features: 0
2025-09-10 16:32:11,739 [MainThread  ] [INFO ]    Angles:
2025-09-10 16:32:11,740 [MainThread  ] [INFO ]     - Topology Selection: None
2025-09-10 16:32:11,740 [MainThread  ] [INFO ]     - Number of features: 0
2025-09-10 16:32:11,740 [MainThread  ] [INFO ]    Dihedrals:
2025-09-10 16:32:11,740 [MainThread  ] [INFO ]     - Topology Selection: None
2025-09-10 16:32:11,741 [MainThread  ] [INFO ]     - Number of features: 0
2025-09-10 16:32:11,741 [MainThread  ] [INFO ]  Postprocessing:
2025-09-10 16:32:11,741 [MainThread  ] [INFO ]     - Normalization: None
2025-09-10 16:32:11,741 [MainThread  ] [INFO ]     - Timelag: 10
2025-09-10 16:32:11,742 [MainThread  ] [INFO ]  Dataset Properties:
2025-09-10 16:32:11,742 [MainThread  ] [INFO ]     - Dataset: dict_keys(['data', 'target'])
2025-09-10 16:32:11,742 [MainThread  ] [INFO ]     - Number of frames: 265
2025-09-10 16:32:11,743 [MainThread  ] [INFO ]     - Number of features: 804
