2025-09-09 15:34:10,627 [MainThread  ] [INFO ]  Available Trajectory Properties:
2025-09-09 15:34:10,628 [MainThread  ] [INFO ]     - Number of frames: 275
2025-09-09 15:34:10,628 [MainThread  ] [INFO ]  Featurizing the trajectory /home/pzanders/Documents/Simulations/GodMD/domini/1NE4_6NO7_b.dcd
2025-09-09 15:34:10,719 [MainThread  ] [INFO ]  Features:
2025-09-09 15:34:10,720 [MainThread  ] [INFO ]    Cartesian:
2025-09-09 15:34:10,720 [MainThread  ] [INFO ]     - Topology Selection: backbone
2025-09-09 15:34:10,720 [MainThread  ] [INFO ]     - Number of features: 804
2025-09-09 15:34:10,721 [MainThread  ] [INFO ]    Distances:
2025-09-09 15:34:10,722 [MainThread  ] [INFO ]     - Topology Selection: name CA
2025-09-09 15:34:10,722 [MainThread  ] [INFO ]     - Number of features: 377
2025-09-09 15:34:10,722 [MainThread  ] [INFO ]    Angles:
2025-09-09 15:34:10,723 [MainThread  ] [INFO ]     - Topology Selection: None
2025-09-09 15:34:10,724 [MainThread  ] [INFO ]     - Number of features: 0
2025-09-09 15:34:10,724 [MainThread  ] [INFO ]    Dihedrals:
2025-09-09 15:34:10,724 [MainThread  ] [INFO ]     - Topology Selection: None
2025-09-09 15:34:10,725 [MainThread  ] [INFO ]     - Number of features: 0
2025-09-09 15:34:10,726 [MainThread  ] [INFO ]  Postprocessing:
2025-09-09 15:34:10,726 [MainThread  ] [INFO ]     - Normalization: None
2025-09-09 15:34:10,727 [MainThread  ] [INFO ]     - Timelag: 10
2025-09-09 15:34:10,727 [MainThread  ] [INFO ]  Dataset Properties:
2025-09-09 15:34:10,728 [MainThread  ] [INFO ]     - Dataset: dict_keys(['data', 'target'])
2025-09-09 15:34:10,728 [MainThread  ] [INFO ]     - Number of frames: 265
2025-09-09 15:34:10,728 [MainThread  ] [INFO ]     - Number of features: 1181
