2025-09-10 17:16:58,375 [MainThread  ] [INFO ]  Available Trajectory Properties:
2025-09-10 17:16:58,375 [MainThread  ] [INFO ]     - Number of frames: 275
2025-09-10 17:16:58,375 [MainThread  ] [INFO ]  Featurizing the trajectory /home/pzanders/Documents/Simulations/GodMD/domini/1NE4_6NO7_b.dcd
2025-09-10 17:16:58,425 [MainThread  ] [INFO ]  Features:
2025-09-10 17:16:58,426 [MainThread  ] [INFO ]    Cartesian:
2025-09-10 17:16:58,426 [MainThread  ] [INFO ]     - Topology Selection: name CA
2025-09-10 17:16:58,427 [MainThread  ] [INFO ]     - Number of features: 804
2025-09-10 17:16:58,427 [MainThread  ] [INFO ]    Distances:
2025-09-10 17:16:58,427 [MainThread  ] [INFO ]     - Topology Selection: None
2025-09-10 17:16:58,428 [MainThread  ] [INFO ]     - Number of features: 0
2025-09-10 17:16:58,428 [MainThread  ] [INFO ]    Angles:
2025-09-10 17:16:58,428 [MainThread  ] [INFO ]     - Topology Selection: None
2025-09-10 17:16:58,429 [MainThread  ] [INFO ]     - Number of features: 0
2025-09-10 17:16:58,429 [MainThread  ] [INFO ]    Dihedrals:
2025-09-10 17:16:58,429 [MainThread  ] [INFO ]     - Topology Selection: None
2025-09-10 17:16:58,430 [MainThread  ] [INFO ]     - Number of features: 0
2025-09-10 17:16:58,430 [MainThread  ] [INFO ]  Postprocessing:
2025-09-10 17:16:58,430 [MainThread  ] [INFO ]     - Normalization: None
2025-09-10 17:16:58,431 [MainThread  ] [INFO ]     - Timelag: 10
2025-09-10 17:16:58,431 [MainThread  ] [INFO ]  Dataset Properties:
2025-09-10 17:16:58,431 [MainThread  ] [INFO ]     - Dataset: dict_keys(['data', 'target'])
2025-09-10 17:16:58,432 [MainThread  ] [INFO ]     - Number of frames: 265
2025-09-10 17:16:58,432 [MainThread  ] [INFO ]     - Number of features: 804
