2025-09-10 17:18:17,435 [MainThread  ] [INFO ]  Executing biobb_pytorch.mdae.make_plumed Version: 5.0.0
2025-09-10 17:18:17,436 [MainThread  ] [INFO ]  Copy: test_model.pth to /home/pzanders/Documents/BSC/BioExcel/biobb/biobb_pytorch/biobb_pytorch/mdae/notebooks/11706897-01a6-4eac-af37-1b8503ef78ff
2025-09-10 17:18:17,438 [MainThread  ] [INFO ]  Copy: 1NE4_6NO7_b.dcd.stats.pt to /home/pzanders/Documents/BSC/BioExcel/biobb/biobb_pytorch/biobb_pytorch/mdae/notebooks/11706897-01a6-4eac-af37-1b8503ef78ff
2025-09-10 17:18:17,439 [MainThread  ] [INFO ]  Copy: /home/pzanders/Documents/Simulations/GodMD/domini/1NE4_6NO7_b.godmd.pdb to /home/pzanders/Documents/BSC/BioExcel/biobb/biobb_pytorch/biobb_pytorch/mdae/notebooks/11706897-01a6-4eac-af37-1b8503ef78ff
2025-09-10 17:18:17,439 [MainThread  ] [INFO ]  Found 268 Cartesian features.
2025-09-10 17:18:17,440 [MainThread  ] [INFO ]  Using GROUP: backbone
2025-09-10 17:18:17,440 [MainThread  ] [INFO ]     Parameters:
2025-09-10 17:18:17,441 [MainThread  ] [INFO ]      > SELECTION: backbone
2025-09-10 17:18:17,441 [MainThread  ] [INFO ]  WARNING: Using Cartesian coordinates but no WHOLEMOLECULES parameters provided; add WHOLEMOLECULES in properties.
2025-09-10 17:18:17,442 [MainThread  ] [INFO ]  Using FIT_TO_TEMPLATE
2025-09-10 17:18:17,442 [MainThread  ] [INFO ]     Reference PDB: /home/pzanders/Documents/Simulations/GodMD/domini/1NE4_6NO7_b.godmd.pdb
2025-09-10 17:18:17,442 [MainThread  ] [INFO ]     Parameters:
2025-09-10 17:18:17,443 [MainThread  ] [INFO ]      > STRIDE: 1
2025-09-10 17:18:17,451 [MainThread  ] [INFO ]      > TYPE: OPTIMAL
2025-09-10 17:18:17,451 [MainThread  ] [INFO ]  Using PYTORCH_MODEL: cv
2025-09-10 17:18:17,452 [MainThread  ] [INFO ]     Model ptc file: /home/pzanders/Documents/BSC/BioExcel/biobb/biobb_pytorch/biobb_pytorch/mdae/notebooks/plumed_model.ptc
2025-09-10 17:18:17,453 [MainThread  ] [INFO ]  Using Bias:
2025-09-10 17:18:17,453 [MainThread  ] [INFO ]     Command: METAD
2025-09-10 17:18:17,453 [MainThread  ] [INFO ]     Parameters:
2025-09-10 17:18:17,454 [MainThread  ] [INFO ]      > ARG: cv.*
2025-09-10 17:18:17,455 [MainThread  ] [INFO ]      > PACE: 500
2025-09-10 17:18:17,455 [MainThread  ] [INFO ]      > HEIGHT: 1.2
2025-09-10 17:18:17,458 [MainThread  ] [INFO ]      > SIGMA: 0.35
2025-09-10 17:18:17,459 [MainThread  ] [INFO ]      > FILE: HILLS
2025-09-10 17:18:17,459 [MainThread  ] [INFO ]      > BIASFACTOR: 8
2025-09-10 17:18:17,459 [MainThread  ] [INFO ]  WARNING: When employing Cartesian coordinates as collective variables (CVs) for biasing in PLUMED, an NDX index file is required to properly define atom groups for fitting and alignment purposes, make sure to provide a NDX file.
2025-09-10 17:18:17,462 [MainThread  ] [INFO ]  Generated features.dat at /home/pzanders/Documents/BSC/BioExcel/biobb/biobb_pytorch/biobb_pytorch/mdae/notebooks/features.dat
2025-09-10 17:18:17,465 [MainThread  ] [INFO ]  File size: 6.07 KB
2025-09-10 17:18:17,467 [MainThread  ] [INFO ]  Generated PLUMED file at /home/pzanders/Documents/BSC/BioExcel/biobb/biobb_pytorch/biobb_pytorch/mdae/notebooks/plumed.dat
2025-09-10 17:18:17,467 [MainThread  ] [INFO ]  File size: 5.7 KB
2025-09-10 17:18:17,469 [MainThread  ] [INFO ]  Removed: []
