2025-09-10 17:17:39,529 [MainThread  ] [INFO ]  Executing biobb_pytorch.mdae.build_model Version: 5.0.0
2025-09-10 17:17:39,531 [MainThread  ] [INFO ]  Copy: 1NE4_6NO7_b.dcd.stats.pt to /home/pzanders/Documents/BSC/BioExcel/biobb/biobb_pytorch/biobb_pytorch/mdae/notebooks/68a2356f-f6bd-4a08-bbb4-90a4426d4cd5
2025-09-10 17:17:39,534 [MainThread  ] [INFO ]  ## BioBB AutoEncoder Builder ##
2025-09-10 17:17:39,534 [MainThread  ] [INFO ]  
2025-09-10 17:17:39,534 [MainThread  ] [INFO ]  Hyperparameters:
2025-09-10 17:17:39,535 [MainThread  ] [INFO ]  ----------------
2025-09-10 17:17:39,535 [MainThread  ] [INFO ]  model_type: AutoEncoder
2025-09-10 17:17:39,536 [MainThread  ] [INFO ]  n_cvs: 2
2025-09-10 17:17:39,536 [MainThread  ] [INFO ]  encoder_layers: [32, 16]
2025-09-10 17:17:39,536 [MainThread  ] [INFO ]  decoder_layers: [16, 32]
2025-09-10 17:17:39,537 [MainThread  ] [INFO ]  loss_function: MSELoss()
2025-09-10 17:17:39,537 [MainThread  ] [INFO ]  options:
2025-09-10 17:17:39,537 [MainThread  ] [INFO ]     encoder: {'activation': 'relu', 'last_layer_activation': False}
2025-09-10 17:17:39,538 [MainThread  ] [INFO ]     decoder: {'activation': 'relu', 'last_layer_activation': 'sigmoid'}
2025-09-10 17:17:39,538 [MainThread  ] [INFO ]     optimizer: {'lr': 0.0001}
2025-09-10 17:17:39,538 [MainThread  ] [INFO ]  
2025-09-10 17:17:39,539 [MainThread  ] [INFO ]  Model:
2025-09-10 17:17:39,539 [MainThread  ] [INFO ]  ------
2025-09-10 17:17:39,540 [MainThread  ] [INFO ]  AutoEncoder(
2025-09-10 17:17:39,540 [MainThread  ] [INFO ]    (loss_fn): MSELoss()
2025-09-10 17:17:39,540 [MainThread  ] [INFO ]    (norm_in): Normalization(in_features=804, out_features=804, mode=mean_std)
2025-09-10 17:17:39,541 [MainThread  ] [INFO ]    (encoder): FeedForward(
2025-09-10 17:17:39,541 [MainThread  ] [INFO ]      (nn): Sequential(
2025-09-10 17:17:39,541 [MainThread  ] [INFO ]        (0): Linear(in_features=804, out_features=32, bias=True)
2025-09-10 17:17:39,542 [MainThread  ] [INFO ]        (1): ReLU(inplace=True)
2025-09-10 17:17:39,542 [MainThread  ] [INFO ]        (2): Linear(in_features=32, out_features=16, bias=True)
2025-09-10 17:17:39,542 [MainThread  ] [INFO ]        (3): ReLU(inplace=True)
2025-09-10 17:17:39,542 [MainThread  ] [INFO ]        (4): Linear(in_features=16, out_features=2, bias=True)
2025-09-10 17:17:39,543 [MainThread  ] [INFO ]      )
2025-09-10 17:17:39,543 [MainThread  ] [INFO ]    )
2025-09-10 17:17:39,544 [MainThread  ] [INFO ]    (decoder): FeedForward(
2025-09-10 17:17:39,544 [MainThread  ] [INFO ]      (nn): Sequential(
2025-09-10 17:17:39,544 [MainThread  ] [INFO ]        (0): Linear(in_features=2, out_features=16, bias=True)
2025-09-10 17:17:39,544 [MainThread  ] [INFO ]        (1): ReLU(inplace=True)
2025-09-10 17:17:39,545 [MainThread  ] [INFO ]        (2): Linear(in_features=16, out_features=32, bias=True)
2025-09-10 17:17:39,545 [MainThread  ] [INFO ]        (3): ReLU(inplace=True)
2025-09-10 17:17:39,546 [MainThread  ] [INFO ]        (4): Linear(in_features=32, out_features=804, bias=True)
2025-09-10 17:17:39,546 [MainThread  ] [INFO ]        (5): Sigmoid()
2025-09-10 17:17:39,546 [MainThread  ] [INFO ]      )
2025-09-10 17:17:39,546 [MainThread  ] [INFO ]    )
2025-09-10 17:17:39,547 [MainThread  ] [INFO ]  )
2025-09-10 17:17:39,547 [MainThread  ] [INFO ]  
2025-09-10 17:17:39,548 [MainThread  ] [INFO ]  Model saved in .pth format in /home/pzanders/Documents/BSC/BioExcel/biobb/biobb_pytorch/biobb_pytorch/mdae/notebooks/test_model.pth
2025-09-10 17:17:39,548 [MainThread  ] [INFO ]  File size: 225.6 KB
2025-09-10 17:17:39,549 [MainThread  ] [INFO ]  Removed: []
