2025-09-12 12:08:49,446 [MainThread  ] [INFO ]  Executing biobb_gromacs.gromacs.make_ndx Version: 4.2.0
2025-09-12 12:08:49,448 [MainThread  ] [INFO ]  Copy: /home/pzanders/Documents/Simulations/GodMD/domini/1NE4_6NO7_b.godmd.pdb to /home/pzanders/Documents/BSC/BioExcel/biobb/biobb_pytorch/biobb_pytorch/mdae/notebooks/78569843-1ea1-40ae-bb77-4e0caf91d43f
2025-09-12 12:08:49,450 [MainThread  ] [INFO ]  Copy: /home/pzanders/Documents/BSC/BioExcel/biobb/biobb_pytorch/biobb_pytorch/mdae/notebooks/5e211346-bfec-498c-9a1b-15fc212f981c.stdin to /home/pzanders/Documents/BSC/BioExcel/biobb/biobb_pytorch/biobb_pytorch/mdae/notebooks/78569843-1ea1-40ae-bb77-4e0caf91d43f
2025-09-12 12:08:49,450 [MainThread  ] [INFO ]  gmx -nobackup -nocopyright make_ndx -f /home/pzanders/Documents/BSC/BioExcel/biobb/biobb_pytorch/biobb_pytorch/mdae/notebooks/78569843-1ea1-40ae-bb77-4e0caf91d43f/1NE4_6NO7_b.godmd.pdb -o /home/pzanders/Documents/BSC/BioExcel/biobb/biobb_pytorch/biobb_pytorch/mdae/notebooks/78569843-1ea1-40ae-bb77-4e0caf91d43f/alpha_carbons.ndx < /home/pzanders/Documents/BSC/BioExcel/biobb/biobb_pytorch/biobb_pytorch/mdae/notebooks/78569843-1ea1-40ae-bb77-4e0caf91d43f/5e211346-bfec-498c-9a1b-15fc212f981c.stdin

2025-09-12 12:08:49,497 [MainThread  ] [INFO ]  Exit code 0

2025-09-12 12:08:49,498 [MainThread  ] [INFO ]  Going to read 0 old index file(s)
Analysing residue names:
There are:   268    Protein residues
Analysing Protein...

  0 System              :   268 atoms
  1 Protein             :   268 atoms
  2 Protein-H           :   268 atoms
  3 C-alpha             :   268 atoms
  4 Backbone            :   268 atoms
  5 MainChain           :   268 atoms
  6 MainChain+Cb        :   268 atoms
  7 MainChain+H         :   268 atoms
  8 SideChain           :     0 atoms
  9 SideChain-H         :     0 atoms

 nr : group      '!': not  'name' nr name   'splitch' nr    Enter: list groups
 'a': atom       '&': and  'del' nr         'splitres' nr   'l': list residues
 't': atom type  '|': or   'keep' nr        'splitat' nr    'h': help
 'r': residue              'res' nr         'chain' char
 "name": group             'case': case sensitive           'q': save and quit
 'ri': residue index

> 
Found 268 atoms with name CA

 10 CA                  :   268 atoms

> 

2025-09-12 12:08:49,502 [MainThread  ] [INFO ]  Removed: ['/home/pzanders/Documents/BSC/BioExcel/biobb/biobb_pytorch/biobb_pytorch/mdae/notebooks/78569843-1ea1-40ae-bb77-4e0caf91d43f', '/home/pzanders/Documents/BSC/BioExcel/biobb/biobb_pytorch/biobb_pytorch/mdae/notebooks/5e211346-bfec-498c-9a1b-15fc212f981c.stdin']
