2025-09-12 12:30:38,346 [MainThread  ] [INFO ]               :-) GROMACS - gmx make_ndx, 2021.4-Ubuntu-2021.4-2 (-:

Executable:   /usr/bin/gmx
Data prefix:  /usr
Working dir:  /home/pzanders/Documents/BSC/BioExcel/biobb/biobb_pytorch/biobb_pytorch/mdae/notebooks
Command line:
  gmx -nobackup -nocopyright make_ndx -f /home/pzanders/Documents/BSC/BioExcel/biobb/biobb_pytorch/biobb_pytorch/mdae/notebooks/5898b684-d55d-42f5-9a36-0ad5426b87a2/traj.xtc -o /home/pzanders/Documents/BSC/BioExcel/biobb/biobb_pytorch/biobb_pytorch/mdae/notebooks/5898b684-d55d-42f5-9a36-0ad5426b87a2/alpha_carbons.ndx


-------------------------------------------------------
Program:     gmx make_ndx, version 2021.4-Ubuntu-2021.4-2
Source file: src/gromacs/commandline/cmdlineparser.cpp (line 275)
Function:    void gmx::CommandLineParser::parse(int*, char**)

Error in user input:
Invalid command-line options
  In command-line option -f
    File name
    '/home/pzanders/Documents/BSC/BioExcel/biobb/biobb_pytorch/biobb_pytorch/mdae/notebooks/5898b684-d55d-42f5-9a36-0ad5426b87a2/traj.xtc'
    cannot be used for this option.
    Only the following extensions are possible:
      .gro, .g96, .pdb, .brk, .ent, .esp, .tpr

For more information and tips for troubleshooting, please check the GROMACS
website at http://www.gromacs.org/Documentation/Errors
-------------------------------------------------------

