2025-09-12 12:31:02,907 [MainThread  ] [INFO ]  Executing biobb_gromacs.gromacs.make_ndx Version: 4.2.0
2025-09-12 12:31:02,908 [MainThread  ] [INFO ]  Copy: structure.pdb to /home/pzanders/Documents/BSC/BioExcel/biobb/biobb_pytorch/biobb_pytorch/mdae/notebooks/99a404de-f47a-4549-9db1-b08803338dbc
2025-09-12 12:31:02,909 [MainThread  ] [INFO ]  Copy: /home/pzanders/Documents/BSC/BioExcel/biobb/biobb_pytorch/biobb_pytorch/mdae/notebooks/9f0176ca-ec0b-4028-ad47-f55539cf8e53.stdin to /home/pzanders/Documents/BSC/BioExcel/biobb/biobb_pytorch/biobb_pytorch/mdae/notebooks/99a404de-f47a-4549-9db1-b08803338dbc
2025-09-12 12:31:02,910 [MainThread  ] [INFO ]  gmx -nobackup -nocopyright make_ndx -f /home/pzanders/Documents/BSC/BioExcel/biobb/biobb_pytorch/biobb_pytorch/mdae/notebooks/99a404de-f47a-4549-9db1-b08803338dbc/structure.pdb -o /home/pzanders/Documents/BSC/BioExcel/biobb/biobb_pytorch/biobb_pytorch/mdae/notebooks/99a404de-f47a-4549-9db1-b08803338dbc/alpha_carbons.ndx < /home/pzanders/Documents/BSC/BioExcel/biobb/biobb_pytorch/biobb_pytorch/mdae/notebooks/99a404de-f47a-4549-9db1-b08803338dbc/9f0176ca-ec0b-4028-ad47-f55539cf8e53.stdin

2025-09-12 12:31:02,952 [MainThread  ] [INFO ]  Exit code 0

2025-09-12 12:31:02,952 [MainThread  ] [INFO ]  Going to read 0 old index file(s)
Analysing residue names:
There are:   312    Protein residues
There are:     1        Ion residues
Analysing Protein...
Analysing residues not classified as Protein/DNA/RNA/Water and splitting into groups...

  0 System              :  4897 atoms
  1 Protein             :  4896 atoms
  2 Protein-H           :  2475 atoms
  3 C-alpha             :   312 atoms
  4 Backbone            :   936 atoms
  5 MainChain           :  1249 atoms
  6 MainChain+Cb        :  1542 atoms
  7 MainChain+H         :  1551 atoms
  8 SideChain           :  3345 atoms
  9 SideChain-H         :  1226 atoms
 10 Prot-Masses         :  4896 atoms
 11 non-Protein         :     1 atoms
 12 Ion                 :     1 atoms
 13 ZN                  :     1 atoms

 nr : group      '!': not  'name' nr name   'splitch' nr    Enter: list groups
 'a': atom       '&': and  'del' nr         'splitres' nr   'l': list residues
 't': atom type  '|': or   'keep' nr        'splitat' nr    'h': help
 'r': residue              'res' nr         'chain' char
 "name": group             'case': case sensitive           'q': save and quit
 'ri': residue index

> 
Found 312 atoms with name CA

 14 CA                  :   312 atoms

> 

2025-09-12 12:31:02,955 [MainThread  ] [INFO ]  Removed: ['/home/pzanders/Documents/BSC/BioExcel/biobb/biobb_pytorch/biobb_pytorch/mdae/notebooks/99a404de-f47a-4549-9db1-b08803338dbc', '/home/pzanders/Documents/BSC/BioExcel/biobb/biobb_pytorch/biobb_pytorch/mdae/notebooks/9f0176ca-ec0b-4028-ad47-f55539cf8e53.stdin']
