2025-09-12 12:35:12,012 [MainThread  ] [INFO ]               :-) GROMACS - gmx trjconv, 2021.4-Ubuntu-2021.4-2 (-:

                            GROMACS is written by:
     Andrey Alekseenko              Emile Apol              Rossen Apostolov     
         Paul Bauer           Herman J.C. Berendsen           Par Bjelkmar       
       Christian Blau           Viacheslav Bolnykh             Kevin Boyd        
     Aldert van Buuren           Rudi van Drunen             Anton Feenstra      
    Gilles Gouaillardet             Alan Gray               Gerrit Groenhof      
       Anca Hamuraru            Vincent Hindriksen          M. Eric Irrgang      
      Aleksei Iupinov           Christoph Junghans             Joe Jordan        
    Dimitrios Karkoulis            Peter Kasson                Jiri Kraus        
      Carsten Kutzner              Per Larsson              Justin A. Lemkul     
       Viveca Lindahl            Magnus Lundborg             Erik Marklund       
        Pascal Merz             Pieter Meulenhoff            Teemu Murtola       
        Szilard Pall               Sander Pronk              Roland Schulz       
       Michael Shirts            Alexey Shvetsov             Alfons Sijbers      
       Peter Tieleman              Jon Vincent              Teemu Virolainen     
     Christian Wennberg            Maarten Wolf              Artem Zhmurov       
                           and the project leaders:
        Mark Abraham, Berk Hess, Erik Lindahl, and David van der Spoel

Copyright (c) 1991-2000, University of Groningen, The Netherlands.
Copyright (c) 2001-2019, The GROMACS development team at
Uppsala University, Stockholm University and
the Royal Institute of Technology, Sweden.
check out http://www.gromacs.org for more information.

GROMACS is free software; you can redistribute it and/or modify it
under the terms of the GNU Lesser General Public License
as published by the Free Software Foundation; either version 2.1
of the License, or (at your option) any later version.

GROMACS:      gmx trjconv, version 2021.4-Ubuntu-2021.4-2
Executable:   /usr/bin/gmx
Data prefix:  /usr
Working dir:  /home/pzanders/Documents/BSC/BioExcel/biobb/biobb_pytorch/biobb_pytorch/mdae/notebooks
Command line:
  gmx trjconv -f /home/pzanders/Documents/BSC/BioExcel/biobb/biobb_pytorch/biobb_pytorch/mdae/notebooks/8cbde7a1-9632-4ead-906e-6390ecee0e98/traj.xtc -s /home/pzanders/Documents/BSC/BioExcel/biobb/biobb_pytorch/biobb_pytorch/mdae/notebooks/8cbde7a1-9632-4ead-906e-6390ecee0e98/structure.pdb -fit none -o /home/pzanders/Documents/BSC/BioExcel/biobb/biobb_pytorch/biobb_pytorch/mdae/notebooks/8cbde7a1-9632-4ead-906e-6390ecee0e98/newTrajectory.xtc -n /home/pzanders/Documents/BSC/BioExcel/biobb/biobb_pytorch/biobb_pytorch/mdae/notebooks/8cbde7a1-9632-4ead-906e-6390ecee0e98/alpha_carbons.ndx -center -pbc mol -ur compact

Will write xtc: Compressed trajectory (portable xdr format): xtc

WARNING: If there are molecules in the input trajectory file
         that are broken across periodic boundaries, they
         cannot be made whole (or treated as whole) without
         you providing a run input file.

Group     0 (         System) has  4897 elements
Group     1 (        Protein) has  4896 elements
Group     2 (      Protein-H) has  2475 elements
Group     3 (        C-alpha) has   312 elements
Group     4 (       Backbone) has   936 elements
Group     5 (      MainChain) has  1249 elements
Group     6 (   MainChain+Cb) has  1542 elements
Group     7 (    MainChain+H) has  1551 elements
Group     8 (      SideChain) has  3345 elements
Group     9 (    SideChain-H) has  1226 elements
Group    10 (    Prot-Masses) has  4896 elements
Group    11 (    non-Protein) has     1 elements
Group    12 (            Ion) has     1 elements
Group    13 (             ZN) has     1 elements
Group    14 (             CA) has   312 elements
Select a group: Group     0 (         System) has  4897 elements
Group     1 (        Protein) has  4896 elements
Group     2 (      Protein-H) has  2475 elements
Group     3 (        C-alpha) has   312 elements
Group     4 (       Backbone) has   936 elements
Group     5 (      MainChain) has  1249 elements
Group     6 (   MainChain+Cb) has  1542 elements
Group     7 (    MainChain+H) has  1551 elements
Group     8 (      SideChain) has  3345 elements
Group     9 (    SideChain-H) has  1226 elements
Group    10 (    Prot-Masses) has  4896 elements
Group    11 (    non-Protein) has     1 elements
Group    12 (            Ion) has     1 elements
Group    13 (             ZN) has     1 elements
Group    14 (             CA) has   312 elements
Select a group: Reading frame       0 time    0.000   
Precision of /home/pzanders/Documents/BSC/BioExcel/biobb/biobb_pytorch/biobb_pytorch/mdae/notebooks/8cbde7a1-9632-4ead-906e-6390ecee0e98/traj.xtc is 0.001 (nm)
Using output precision of 0.001 (nm)
 ->  frame      0 time    0.000      Warning: Empty diagonal for a 3-dimensional periodic box
         Box (3x3):
            Box[    0]={ 0.00000e+00,  0.00000e+00,  0.00000e+00}
            Box[    1]={ 0.00000e+00,  0.00000e+00,  0.00000e+00}
            Box[    2]={ 0.00000e+00,  0.00000e+00,  0.00000e+00}
         Can not fix pbc.

Warning: Empty diagonal for a 3-dimensional periodic box
         Box (3x3):
            Box[    0]={ 0.00000e+00,  0.00000e+00,  0.00000e+00}
            Box[    1]={ 0.00000e+00,  0.00000e+00,  0.00000e+00}
            Box[    2]={ 0.00000e+00,  0.00000e+00,  0.00000e+00}
         Can not fix pbc.


-------------------------------------------------------
Program:     gmx trjconv, version 2021.4-Ubuntu-2021.4-2
Source file: src/gromacs/pbcutil/pbc.cpp (line 1541)

Fatal error:
Can not put atoms in compact unitcell with unsupported PBC

For more information and tips for troubleshooting, please check the GROMACS
website at http://www.gromacs.org/Documentation/Errors
-------------------------------------------------------

