2025-09-12 16:41:36,746 [MainThread  ] [INFO ]  Executing biobb_pytorch.mdae.build_model Version: 5.0.0
2025-09-12 16:41:36,772 [MainThread  ] [INFO ]  Copy: 1NE4_6NO7_b.dcd.stats.pt to /home/pzanders/Documents/BSC/BioExcel/biobb/biobb_pytorch/biobb_pytorch/mdae/notebooks/3fe3fc42-3315-4d25-9eb5-5ba129ac6a2a
2025-09-12 16:41:36,775 [MainThread  ] [INFO ]  ## BioBB AutoEncoder Builder ##
2025-09-12 16:41:36,777 [MainThread  ] [INFO ]  
2025-09-12 16:41:36,779 [MainThread  ] [INFO ]  Hyperparameters:
2025-09-12 16:41:36,779 [MainThread  ] [INFO ]  ----------------
2025-09-12 16:41:36,780 [MainThread  ] [INFO ]  model_type: AutoEncoder
2025-09-12 16:41:36,780 [MainThread  ] [INFO ]  n_cvs: 2
2025-09-12 16:41:36,781 [MainThread  ] [INFO ]  encoder_layers: [32, 16]
2025-09-12 16:41:36,781 [MainThread  ] [INFO ]  decoder_layers: [16, 32]
2025-09-12 16:41:36,781 [MainThread  ] [INFO ]  loss_function: MSELoss()
2025-09-12 16:41:36,781 [MainThread  ] [INFO ]  options:
2025-09-12 16:41:36,782 [MainThread  ] [INFO ]     encoder: {'activation': 'relu', 'last_layer_activation': False}
2025-09-12 16:41:36,782 [MainThread  ] [INFO ]     decoder: {'activation': 'relu', 'last_layer_activation': 'sigmoid'}
2025-09-12 16:41:36,782 [MainThread  ] [INFO ]     optimizer: {'lr': 0.0001}
2025-09-12 16:41:36,783 [MainThread  ] [INFO ]  
2025-09-12 16:41:36,783 [MainThread  ] [INFO ]  Model:
2025-09-12 16:41:36,784 [MainThread  ] [INFO ]  ------
2025-09-12 16:41:36,784 [MainThread  ] [INFO ]  AutoEncoder(
2025-09-12 16:41:36,784 [MainThread  ] [INFO ]    (loss_fn): MSELoss()
2025-09-12 16:41:36,785 [MainThread  ] [INFO ]    (norm_in): Normalization(in_features=936, out_features=936, mode=mean_std)
2025-09-12 16:41:36,785 [MainThread  ] [INFO ]    (encoder): FeedForward(
2025-09-12 16:41:36,785 [MainThread  ] [INFO ]      (nn): Sequential(
2025-09-12 16:41:36,785 [MainThread  ] [INFO ]        (0): Linear(in_features=936, out_features=32, bias=True)
2025-09-12 16:41:36,786 [MainThread  ] [INFO ]        (1): ReLU(inplace=True)
2025-09-12 16:41:36,786 [MainThread  ] [INFO ]        (2): Linear(in_features=32, out_features=16, bias=True)
2025-09-12 16:41:36,786 [MainThread  ] [INFO ]        (3): ReLU(inplace=True)
2025-09-12 16:41:36,786 [MainThread  ] [INFO ]        (4): Linear(in_features=16, out_features=2, bias=True)
2025-09-12 16:41:36,786 [MainThread  ] [INFO ]      )
2025-09-12 16:41:36,787 [MainThread  ] [INFO ]    )
2025-09-12 16:41:36,787 [MainThread  ] [INFO ]    (decoder): FeedForward(
2025-09-12 16:41:36,788 [MainThread  ] [INFO ]      (nn): Sequential(
2025-09-12 16:41:36,788 [MainThread  ] [INFO ]        (0): Linear(in_features=2, out_features=16, bias=True)
2025-09-12 16:41:36,788 [MainThread  ] [INFO ]        (1): ReLU(inplace=True)
2025-09-12 16:41:36,788 [MainThread  ] [INFO ]        (2): Linear(in_features=16, out_features=32, bias=True)
2025-09-12 16:41:36,789 [MainThread  ] [INFO ]        (3): ReLU(inplace=True)
2025-09-12 16:41:36,789 [MainThread  ] [INFO ]        (4): Linear(in_features=32, out_features=936, bias=True)
2025-09-12 16:41:36,790 [MainThread  ] [INFO ]        (5): Sigmoid()
2025-09-12 16:41:36,790 [MainThread  ] [INFO ]      )
2025-09-12 16:41:36,790 [MainThread  ] [INFO ]    )
2025-09-12 16:41:36,791 [MainThread  ] [INFO ]  )
2025-09-12 16:41:36,791 [MainThread  ] [INFO ]  
2025-09-12 16:41:36,791 [MainThread  ] [INFO ]  Model saved in .pth format in /home/pzanders/Documents/BSC/BioExcel/biobb/biobb_pytorch/biobb_pytorch/mdae/notebooks/test_model.pth
2025-09-12 16:41:36,792 [MainThread  ] [INFO ]  File size: 260.1 KB
2025-09-12 16:41:36,792 [MainThread  ] [INFO ]  Removed: []
