2025-09-12 12:40:59,542 [MainThread  ] [INFO ]  Available Trajectory Properties:
2025-09-12 12:40:59,543 [MainThread  ] [INFO ]     - Number of frames: 5000
2025-09-12 12:40:59,543 [MainThread  ] [INFO ]  Featurizing the trajectory traj.xtc
2025-09-12 12:40:59,788 [MainThread  ] [INFO ]  Features:
2025-09-12 12:40:59,788 [MainThread  ] [INFO ]    Cartesian:
2025-09-12 12:40:59,789 [MainThread  ] [INFO ]     - Topology Selection: name CA
2025-09-12 12:40:59,789 [MainThread  ] [INFO ]     - Number of features: 936
2025-09-12 12:40:59,789 [MainThread  ] [INFO ]    Distances:
2025-09-12 12:40:59,790 [MainThread  ] [INFO ]     - Topology Selection: None
2025-09-12 12:40:59,790 [MainThread  ] [INFO ]     - Number of features: 0
2025-09-12 12:40:59,790 [MainThread  ] [INFO ]    Angles:
2025-09-12 12:40:59,791 [MainThread  ] [INFO ]     - Topology Selection: None
2025-09-12 12:40:59,791 [MainThread  ] [INFO ]     - Number of features: 0
2025-09-12 12:40:59,792 [MainThread  ] [INFO ]    Dihedrals:
2025-09-12 12:40:59,792 [MainThread  ] [INFO ]     - Topology Selection: None
2025-09-12 12:40:59,792 [MainThread  ] [INFO ]     - Number of features: 0
2025-09-12 12:40:59,792 [MainThread  ] [INFO ]  Postprocessing:
2025-09-12 12:40:59,793 [MainThread  ] [INFO ]     - Normalization: None
2025-09-12 12:40:59,794 [MainThread  ] [INFO ]     - Timelag: 10
2025-09-12 12:40:59,794 [MainThread  ] [INFO ]  Dataset Properties:
2025-09-12 12:40:59,794 [MainThread  ] [INFO ]     - Dataset: dict_keys(['data', 'target'])
2025-09-12 12:40:59,795 [MainThread  ] [INFO ]     - Number of frames: 4990
2025-09-12 12:40:59,795 [MainThread  ] [INFO ]     - Number of features: 936
