2025-09-12 17:17:03,213 [MainThread  ] [INFO ]  Executing biobb_pytorch.mdae.build_model Version: 5.0.0
2025-09-12 17:17:03,235 [MainThread  ] [INFO ]  Copy: 1NE4_6NO7_b.dcd.stats.pt to /home/pzanders/Documents/BSC/BioExcel/biobb/biobb_pytorch/biobb_pytorch/mdae/notebooks/85846e46-3db6-4bf0-9e83-f54ffb82d613
2025-09-12 17:17:03,238 [MainThread  ] [INFO ]  ## BioBB AutoEncoder Builder ##
2025-09-12 17:17:03,238 [MainThread  ] [INFO ]  
2025-09-12 17:17:03,239 [MainThread  ] [INFO ]  Hyperparameters:
2025-09-12 17:17:03,239 [MainThread  ] [INFO ]  ----------------
2025-09-12 17:17:03,239 [MainThread  ] [INFO ]  model_type: AutoEncoder
2025-09-12 17:17:03,240 [MainThread  ] [INFO ]  n_cvs: 2
2025-09-12 17:17:03,240 [MainThread  ] [INFO ]  encoder_layers: [32, 16]
2025-09-12 17:17:03,240 [MainThread  ] [INFO ]  decoder_layers: [16, 32]
2025-09-12 17:17:03,240 [MainThread  ] [INFO ]  loss_function: MSELoss()
2025-09-12 17:17:03,241 [MainThread  ] [INFO ]  options:
2025-09-12 17:17:03,241 [MainThread  ] [INFO ]     encoder: {'activation': 'relu', 'last_layer_activation': False}
2025-09-12 17:17:03,241 [MainThread  ] [INFO ]     decoder: {'activation': 'relu', 'last_layer_activation': 'sigmoid'}
2025-09-12 17:17:03,242 [MainThread  ] [INFO ]     optimizer: {'lr': 0.0001}
2025-09-12 17:17:03,242 [MainThread  ] [INFO ]  
2025-09-12 17:17:03,243 [MainThread  ] [INFO ]  Model:
2025-09-12 17:17:03,243 [MainThread  ] [INFO ]  ------
2025-09-12 17:17:03,243 [MainThread  ] [INFO ]  AutoEncoder(
2025-09-12 17:17:03,244 [MainThread  ] [INFO ]    (loss_fn): MSELoss()
2025-09-12 17:17:03,244 [MainThread  ] [INFO ]    (norm_in): Normalization(in_features=936, out_features=936, mode=mean_std)
2025-09-12 17:17:03,244 [MainThread  ] [INFO ]    (encoder): FeedForward(
2025-09-12 17:17:03,244 [MainThread  ] [INFO ]      (nn): Sequential(
2025-09-12 17:17:03,244 [MainThread  ] [INFO ]        (0): Linear(in_features=936, out_features=32, bias=True)
2025-09-12 17:17:03,244 [MainThread  ] [INFO ]        (1): ReLU(inplace=True)
2025-09-12 17:17:03,245 [MainThread  ] [INFO ]        (2): Linear(in_features=32, out_features=16, bias=True)
2025-09-12 17:17:03,245 [MainThread  ] [INFO ]        (3): ReLU(inplace=True)
2025-09-12 17:17:03,245 [MainThread  ] [INFO ]        (4): Linear(in_features=16, out_features=2, bias=True)
2025-09-12 17:17:03,245 [MainThread  ] [INFO ]      )
2025-09-12 17:17:03,246 [MainThread  ] [INFO ]    )
2025-09-12 17:17:03,246 [MainThread  ] [INFO ]    (decoder): FeedForward(
2025-09-12 17:17:03,246 [MainThread  ] [INFO ]      (nn): Sequential(
2025-09-12 17:17:03,247 [MainThread  ] [INFO ]        (0): Linear(in_features=2, out_features=16, bias=True)
2025-09-12 17:17:03,247 [MainThread  ] [INFO ]        (1): ReLU(inplace=True)
2025-09-12 17:17:03,247 [MainThread  ] [INFO ]        (2): Linear(in_features=16, out_features=32, bias=True)
2025-09-12 17:17:03,248 [MainThread  ] [INFO ]        (3): ReLU(inplace=True)
2025-09-12 17:17:03,248 [MainThread  ] [INFO ]        (4): Linear(in_features=32, out_features=936, bias=True)
2025-09-12 17:17:03,248 [MainThread  ] [INFO ]        (5): Sigmoid()
2025-09-12 17:17:03,248 [MainThread  ] [INFO ]      )
2025-09-12 17:17:03,248 [MainThread  ] [INFO ]    )
2025-09-12 17:17:03,249 [MainThread  ] [INFO ]  )
2025-09-12 17:17:03,249 [MainThread  ] [INFO ]  
2025-09-12 17:17:03,250 [MainThread  ] [INFO ]  Model saved in .pth format in /home/pzanders/Documents/BSC/BioExcel/biobb/biobb_pytorch/biobb_pytorch/mdae/notebooks/test_model.pth
2025-09-12 17:17:03,250 [MainThread  ] [INFO ]  File size: 260.1 KB
2025-09-12 17:17:03,250 [MainThread  ] [INFO ]  Removed: []
