2025-09-12 17:47:52,802 [MainThread  ] [INFO ]  Executing biobb_pytorch.mdae.build_model Version: 5.0.0
2025-09-12 17:47:52,804 [MainThread  ] [INFO ]  Copy: 1NE4_6NO7_b.dcd.stats.pt to /home/pzanders/Documents/BSC/BioExcel/biobb/biobb_pytorch/biobb_pytorch/mdae/notebooks/596d9105-dc65-4144-81a6-a640c1467d5c
2025-09-12 17:47:52,807 [MainThread  ] [INFO ]  ## BioBB AutoEncoder Builder ##
2025-09-12 17:47:52,808 [MainThread  ] [INFO ]  
2025-09-12 17:47:52,808 [MainThread  ] [INFO ]  Hyperparameters:
2025-09-12 17:47:52,809 [MainThread  ] [INFO ]  ----------------
2025-09-12 17:47:52,809 [MainThread  ] [INFO ]  model_type: AutoEncoder
2025-09-12 17:47:52,809 [MainThread  ] [INFO ]  n_cvs: 2
2025-09-12 17:47:52,810 [MainThread  ] [INFO ]  encoder_layers: [32, 16]
2025-09-12 17:47:52,810 [MainThread  ] [INFO ]  decoder_layers: [16, 32]
2025-09-12 17:47:52,811 [MainThread  ] [INFO ]  loss_function: MSELoss()
2025-09-12 17:47:52,811 [MainThread  ] [INFO ]  options:
2025-09-12 17:47:52,811 [MainThread  ] [INFO ]     encoder: {'activation': 'relu', 'last_layer_activation': False}
2025-09-12 17:47:52,812 [MainThread  ] [INFO ]     decoder: {'activation': 'relu', 'last_layer_activation': 'sigmoid'}
2025-09-12 17:47:52,812 [MainThread  ] [INFO ]     optimizer: {'lr': 0.0001}
2025-09-12 17:47:52,813 [MainThread  ] [INFO ]  
2025-09-12 17:47:52,813 [MainThread  ] [INFO ]  Model:
2025-09-12 17:47:52,813 [MainThread  ] [INFO ]  ------
2025-09-12 17:47:52,814 [MainThread  ] [INFO ]  AutoEncoder(
2025-09-12 17:47:52,814 [MainThread  ] [INFO ]    (loss_fn): MSELoss()
2025-09-12 17:47:52,815 [MainThread  ] [INFO ]    (norm_in): Normalization(in_features=936, out_features=936, mode=mean_std)
2025-09-12 17:47:52,815 [MainThread  ] [INFO ]    (encoder): FeedForward(
2025-09-12 17:47:52,816 [MainThread  ] [INFO ]      (nn): Sequential(
2025-09-12 17:47:52,816 [MainThread  ] [INFO ]        (0): Linear(in_features=936, out_features=32, bias=True)
2025-09-12 17:47:52,816 [MainThread  ] [INFO ]        (1): ReLU(inplace=True)
2025-09-12 17:47:52,817 [MainThread  ] [INFO ]        (2): Linear(in_features=32, out_features=16, bias=True)
2025-09-12 17:47:52,817 [MainThread  ] [INFO ]        (3): ReLU(inplace=True)
2025-09-12 17:47:52,817 [MainThread  ] [INFO ]        (4): Linear(in_features=16, out_features=2, bias=True)
2025-09-12 17:47:52,818 [MainThread  ] [INFO ]      )
2025-09-12 17:47:52,818 [MainThread  ] [INFO ]    )
2025-09-12 17:47:52,818 [MainThread  ] [INFO ]    (decoder): FeedForward(
2025-09-12 17:47:52,819 [MainThread  ] [INFO ]      (nn): Sequential(
2025-09-12 17:47:52,819 [MainThread  ] [INFO ]        (0): Linear(in_features=2, out_features=16, bias=True)
2025-09-12 17:47:52,819 [MainThread  ] [INFO ]        (1): ReLU(inplace=True)
2025-09-12 17:47:52,820 [MainThread  ] [INFO ]        (2): Linear(in_features=16, out_features=32, bias=True)
2025-09-12 17:47:52,820 [MainThread  ] [INFO ]        (3): ReLU(inplace=True)
2025-09-12 17:47:52,821 [MainThread  ] [INFO ]        (4): Linear(in_features=32, out_features=936, bias=True)
2025-09-12 17:47:52,821 [MainThread  ] [INFO ]        (5): Sigmoid()
2025-09-12 17:47:52,821 [MainThread  ] [INFO ]      )
2025-09-12 17:47:52,822 [MainThread  ] [INFO ]    )
2025-09-12 17:47:52,822 [MainThread  ] [INFO ]  )
2025-09-12 17:47:52,823 [MainThread  ] [INFO ]  
2025-09-12 17:47:52,823 [MainThread  ] [INFO ]  Model saved in .pth format in /home/pzanders/Documents/BSC/BioExcel/biobb/biobb_pytorch/biobb_pytorch/mdae/notebooks/test_model.pth
2025-09-12 17:47:52,824 [MainThread  ] [INFO ]  File size: 260.1 KB
2025-09-12 17:47:52,824 [MainThread  ] [INFO ]  Removed: []
