2025-09-12 17:47:51,867 [MainThread  ] [INFO ]  Available Trajectory Properties:
2025-09-12 17:47:51,868 [MainThread  ] [INFO ]     - Number of frames: 10000
2025-09-12 17:47:51,868 [MainThread  ] [INFO ]  Featurizing the trajectory traj.xtc
2025-09-12 17:47:52,004 [MainThread  ] [INFO ]  Features:
2025-09-12 17:47:52,005 [MainThread  ] [INFO ]    Cartesian:
2025-09-12 17:47:52,005 [MainThread  ] [INFO ]     - Topology Selection: name CA
2025-09-12 17:47:52,005 [MainThread  ] [INFO ]     - Number of features: 936
2025-09-12 17:47:52,006 [MainThread  ] [INFO ]    Distances:
2025-09-12 17:47:52,006 [MainThread  ] [INFO ]     - Topology Selection: None
2025-09-12 17:47:52,006 [MainThread  ] [INFO ]     - Number of features: 0
2025-09-12 17:47:52,007 [MainThread  ] [INFO ]    Angles:
2025-09-12 17:47:52,007 [MainThread  ] [INFO ]     - Topology Selection: None
2025-09-12 17:47:52,007 [MainThread  ] [INFO ]     - Number of features: 0
2025-09-12 17:47:52,008 [MainThread  ] [INFO ]    Dihedrals:
2025-09-12 17:47:52,008 [MainThread  ] [INFO ]     - Topology Selection: None
2025-09-12 17:47:52,008 [MainThread  ] [INFO ]     - Number of features: 0
2025-09-12 17:47:52,009 [MainThread  ] [INFO ]  Postprocessing:
2025-09-12 17:47:52,009 [MainThread  ] [INFO ]     - Normalization: None
2025-09-12 17:47:52,009 [MainThread  ] [INFO ]     - Timelag: 10
2025-09-12 17:47:52,010 [MainThread  ] [INFO ]  Dataset Properties:
2025-09-12 17:47:52,010 [MainThread  ] [INFO ]     - Dataset: dict_keys(['data', 'target'])
2025-09-12 17:47:52,011 [MainThread  ] [INFO ]     - Number of frames: 9990
2025-09-12 17:47:52,011 [MainThread  ] [INFO ]     - Number of features: 936
